[ 2017-09-24T13:24:55+08:00 ] ::1 /hzaulab/index.php/Admin/Room/changeSomething
INFO: [ app_begin ] --START--
INFO: Run Behavior\ReadHtmlCacheBehavior [ RunTime:0.000622s ]
INFO: [ app_begin ] --END-- [ RunTime:0.001094s ]
SQL: SHOW COLUMNS FROM `tp_something` [ RunTime:0.0007s ]
SQL: SHOW COLUMNS FROM `tp_something` [ RunTime:0.0005s ]
ERR: 1054:Unknown column 'content' in 'field list'
 [ SQL语句 ] : UPDATE `tp_something` SET `content`='<div contenteditable=\"true\" style=\"width:100%; height:100%;\" class=\"w-e-text\"><p>2</p><p>发发发</p></div>' WHERE ( id = 1 )
ERR: 1054:Unknown column 'content' in 'field list'
 [ SQL语句 ] : UPDATE `tp_something` SET `content`='<div contenteditable=\"true\" style=\"width:100%; height:100%;\" class=\"w-e-text\"><p>2</p><p>发发发</p></div>' WHERE ( id = 1 )

[ 2017-09-24T13:25:46+08:00 ] ::1 /hzaulab/index.php/Admin/Room/changeSomething
INFO: [ app_begin ] --START--
INFO: Run Behavior\ReadHtmlCacheBehavior [ RunTime:0.000562s ]
INFO: [ app_begin ] --END-- [ RunTime:0.000995s ]
SQL: SHOW COLUMNS FROM `tp_something` [ RunTime:0.0008s ]
SQL: SHOW COLUMNS FROM `tp_something` [ RunTime:0.0007s ]
ERR: 1054:Unknown column 'content' in 'field list'
 [ SQL语句 ] : UPDATE `tp_something` SET `content`='<div contenteditable=\"true\" style=\"width:100%; height:100%;\" class=\"w-e-text\"><p>2</p><p>发发发</p></div>' WHERE ( id = 1 )
ERR: 1054:Unknown column 'content' in 'field list'
 [ SQL语句 ] : UPDATE `tp_something` SET `content`='<div contenteditable=\"true\" style=\"width:100%; height:100%;\" class=\"w-e-text\"><p>2</p><p>发发发</p></div>' WHERE ( id = 1 )

[ 2017-09-24T13:26:22+08:00 ] ::1 /hzaulab/index.php/Admin/Room/changeSomething
ERR: 1064:You have an error in your SQL syntax; check the manual that corresponds to your MySQL server version for the right syntax to use near ')' at line 1
 [ SQL语句 ] : UPDATE `tp_something` SET `content`=NULL WHERE ( id =  )

[ 2017-09-24T13:26:55+08:00 ] ::1 /hzaulab/index.php/Admin/Room/changeSomething
INFO: [ app_begin ] --START--
INFO: Run Behavior\ReadHtmlCacheBehavior [ RunTime:0.000467s ]
INFO: [ app_begin ] --END-- [ RunTime:0.001268s ]
SQL: SHOW COLUMNS FROM `tp_something` [ RunTime:0.0007s ]
SQL: SHOW COLUMNS FROM `tp_something` [ RunTime:0.0006s ]
ERR: 1054:Unknown column 'content' in 'field list'
 [ SQL语句 ] : UPDATE `tp_something` SET `content`='<div contenteditable=\"true\" style=\"width:100%; height:100%;\" class=\"w-e-text\"><p>2</p><p>发发发</p></div>' WHERE ( id = 1 )
ERR: 1054:Unknown column 'content' in 'field list'
 [ SQL语句 ] : UPDATE `tp_something` SET `content`='<div contenteditable=\"true\" style=\"width:100%; height:100%;\" class=\"w-e-text\"><p>2</p><p>发发发</p></div>' WHERE ( id = 1 )

[ 2017-09-24T13:27:53+08:00 ] ::1 /hzaulab/index.php/Admin/Room/changeSomething
INFO: [ app_begin ] --START--
INFO: Run Behavior\ReadHtmlCacheBehavior [ RunTime:0.000647s ]
INFO: [ app_begin ] --END-- [ RunTime:0.001168s ]
SQL: SHOW COLUMNS FROM `tp_something` [ RunTime:0.0009s ]
SQL: SHOW COLUMNS FROM `tp_something` [ RunTime:0.0009s ]
ERR: 1054:Unknown column 'content' in 'field list'
 [ SQL语句 ] : UPDATE `tp_something` SET `content`='<div contenteditable=\"true\" style=\"width:100%; height:100%;\" class=\"w-e-text\"><p>2</p><p>发发发</p></div>' WHERE ( id = 1 )
ERR: 1054:Unknown column 'content' in 'field list'
 [ SQL语句 ] : UPDATE `tp_something` SET `content`='<div contenteditable=\"true\" style=\"width:100%; height:100%;\" class=\"w-e-text\"><p>2</p><p>发发发</p></div>' WHERE ( id = 1 )

[ 2017-09-24T13:29:55+08:00 ] ::1 /hzaulab/index.php/Admin/Room/changeSomething
INFO: [ app_begin ] --START--
INFO: Run Behavior\ReadHtmlCacheBehavior [ RunTime:0.000540s ]
INFO: [ app_begin ] --END-- [ RunTime:0.001008s ]
SQL: SHOW COLUMNS FROM `tp_something` [ RunTime:0.0018s ]
SQL: SHOW COLUMNS FROM `tp_something` [ RunTime:0.0008s ]
ERR: 1054:Unknown column 'content' in 'field list'
 [ SQL语句 ] : UPDATE `tp_something` SET `content`='<div contenteditable=\"true\" style=\"width:100%; height:100%;\" class=\"w-e-text\"><p>2</p><p>发发发</p></div>' WHERE ( id = 1 )
ERR: 1054:Unknown column 'content' in 'field list'
 [ SQL语句 ] : UPDATE `tp_something` SET `content`='<div contenteditable=\"true\" style=\"width:100%; height:100%;\" class=\"w-e-text\"><p>2</p><p>发发发</p></div>' WHERE ( id = 1 )

[ 2017-09-24T13:30:01+08:00 ] ::1 /hzaulab/index.php/Admin/Room/changeSomething
INFO: [ app_begin ] --START--
INFO: Run Behavior\ReadHtmlCacheBehavior [ RunTime:0.000474s ]
INFO: [ app_begin ] --END-- [ RunTime:0.000991s ]
SQL: SHOW COLUMNS FROM `tp_something` [ RunTime:0.0007s ]
SQL: SHOW COLUMNS FROM `tp_something` [ RunTime:0.0005s ]
ERR: 1054:Unknown column 'content' in 'field list'
 [ SQL语句 ] : UPDATE `tp_something` SET `content`='<div contenteditable=\"true\" style=\"width:100%; height:100%;\" class=\"w-e-text\"><p>2</p><p>发发发</p></div>' WHERE ( id = 1 )
ERR: 1054:Unknown column 'content' in 'field list'
 [ SQL语句 ] : UPDATE `tp_something` SET `content`='<div contenteditable=\"true\" style=\"width:100%; height:100%;\" class=\"w-e-text\"><p>2</p><p>发发发</p></div>' WHERE ( id = 1 )

