[ 2017-11-19T00:41:38+08:00 ] ::1 /hzaulab/index.php/Admin/Laboratory/labdis/id/47
ERR: 1064:You have an error in your SQL syntax; check the manual that corresponds to your MySQL server version for the right syntax to use near ') LIMIT 1' at line 1
 [ SQL语句 ] : SELECT * FROM `tp_contact` WHERE ( id =  ) LIMIT 1  

[ 2017-11-19T00:42:33+08:00 ] ::1 /hzaulab/index.php/Admin/Laboratory/labdis/id/47
ERR: 1064:You have an error in your SQL syntax; check the manual that corresponds to your MySQL server version for the right syntax to use near ') LIMIT 1' at line 1
 [ SQL语句 ] : SELECT * FROM `tp_contact` WHERE ( id =  ) LIMIT 1  

[ 2017-11-19T00:42:35+08:00 ] ::1 /hzaulab/index.php/Admin/Laboratory/labdis/id/47
ERR: 1064:You have an error in your SQL syntax; check the manual that corresponds to your MySQL server version for the right syntax to use near ') LIMIT 1' at line 1
 [ SQL语句 ] : SELECT * FROM `tp_contact` WHERE ( id =  ) LIMIT 1  

[ 2017-11-19T00:42:36+08:00 ] ::1 /hzaulab/index.php/Admin/Laboratory/labdis/id/47
ERR: 1064:You have an error in your SQL syntax; check the manual that corresponds to your MySQL server version for the right syntax to use near ') LIMIT 1' at line 1
 [ SQL语句 ] : SELECT * FROM `tp_contact` WHERE ( id =  ) LIMIT 1  

[ 2017-11-19T00:42:36+08:00 ] ::1 /hzaulab/index.php/Admin/Laboratory/labdis/id/47
ERR: 1064:You have an error in your SQL syntax; check the manual that corresponds to your MySQL server version for the right syntax to use near ') LIMIT 1' at line 1
 [ SQL语句 ] : SELECT * FROM `tp_contact` WHERE ( id =  ) LIMIT 1  

[ 2017-11-19T00:42:36+08:00 ] ::1 /hzaulab/index.php/Admin/Laboratory/labdis/id/47
ERR: 1064:You have an error in your SQL syntax; check the manual that corresponds to your MySQL server version for the right syntax to use near ') LIMIT 1' at line 1
 [ SQL语句 ] : SELECT * FROM `tp_contact` WHERE ( id =  ) LIMIT 1  

[ 2017-11-19T00:42:38+08:00 ] ::1 /hzaulab/index.php/Admin/Laboratory/labdis/id/47
ERR: 1064:You have an error in your SQL syntax; check the manual that corresponds to your MySQL server version for the right syntax to use near ') LIMIT 1' at line 1
 [ SQL语句 ] : SELECT * FROM `tp_contact` WHERE ( id =  ) LIMIT 1  

[ 2017-11-19T00:42:42+08:00 ] ::1 /hzaulab/index.php/Admin/Laboratory/
ERR: 模板不存在:./Application/Admin/View/Laboratory/index.html

