[ 2017-10-05T20:24:44+08:00 ] ::1 /hzaulab/index.php/Admin/Field/changeTheIntro
INFO: [ app_begin ] --START--
INFO: Run Behavior\ReadHtmlCacheBehavior [ RunTime:0.002201s ]
INFO: [ app_begin ] --END-- [ RunTime:0.004168s ]
SQL: SHOW COLUMNS FROM `tp_something` [ RunTime:0.0024s ]
SQL: SHOW COLUMNS FROM `tp_something` [ RunTime:0.0016s ]
SQL: UPDATE `tp_something` SET `theContent`='<div class=\"w-e-text\" style=\"width:100%; height:100%;\" contenteditable=\"true\"><p>
                         </p><div><p>
                         </p><div><p>
                         </p><div><p>
                         </p><div><p>
                                                </p><ol><li>这里是露天盆栽场的备注<br></li><li>这里是露天盆栽场的备注2</li><li>秘书长小哥哥</li><li>华中农业大学校学生会</li></ol></div></div></div><p><br></p></div><p></p><p><br></p></div>' WHERE ( id = 1 ) [ RunTime:0.0285s ]
INFO: [ app_end ] --START--
INFO: Run Behavior\ShowPageTraceBehavior [ RunTime:0.002082s ]
INFO: [ app_end ] --END-- [ RunTime:0.002430s ]

[ 2017-10-05T20:24:55+08:00 ] ::1 /hzaulab/index.php/Admin/Field/changeTheStatus
INFO: [ app_begin ] --START--
INFO: Run Behavior\ReadHtmlCacheBehavior [ RunTime:0.002606s ]
INFO: [ app_begin ] --END-- [ RunTime:0.004161s ]
NOTIC: [8] Undefined index: thecontent D:\wamp64\www\hzaulab\Application\Admin\Controller\FieldController.class.php 第 137 行.
SQL: SHOW COLUMNS FROM `tp_pz` [ RunTime:0.0022s ]
INFO: [ app_end ] --START--
INFO: Run Behavior\ShowPageTraceBehavior [ RunTime:0.002475s ]
INFO: [ app_end ] --END-- [ RunTime:0.002859s ]

[ 2017-10-05T20:25:18+08:00 ] ::1 /hzaulab/index.php/Admin/Field/changeTheStatus
INFO: [ app_begin ] --START--
INFO: Run Behavior\ReadHtmlCacheBehavior [ RunTime:0.002893s ]
INFO: [ app_begin ] --END-- [ RunTime:0.004982s ]
SQL: SHOW COLUMNS FROM `tp_pz` [ RunTime:0.0027s ]
SQL: SHOW COLUMNS FROM `tp_pz` [ RunTime:0.0027s ]
SQL: UPDATE `tp_pz` SET `status`='1' WHERE ( id = "PZ-15" ) [ RunTime:0.0046s ]
INFO: [ app_end ] --START--
INFO: Run Behavior\ShowPageTraceBehavior [ RunTime:0.004013s ]
INFO: [ app_end ] --END-- [ RunTime:0.004681s ]

[ 2017-10-05T20:40:19+08:00 ] ::1 /hzaulab/index.php/Admin/Field/changeTheIntro
INFO: [ app_begin ] --START--
INFO: Run Behavior\ReadHtmlCacheBehavior [ RunTime:0.002341s ]
INFO: [ app_begin ] --END-- [ RunTime:0.004709s ]
SQL: SHOW COLUMNS FROM `tp_something` [ RunTime:0.0018s ]
SQL: SHOW COLUMNS FROM `tp_something` [ RunTime:0.0015s ]
SQL: UPDATE `tp_something` SET `theContent`='<div class=\"w-e-text\" style=\"width:100%; height:100%;\" contenteditable=\"true\"><p>这是山南温网的备注信息</p><p><br></p></div>' WHERE ( id = 1 ) [ RunTime:0.0820s ]
INFO: [ app_end ] --START--
INFO: Run Behavior\ShowPageTraceBehavior [ RunTime:0.002036s ]
INFO: [ app_end ] --END-- [ RunTime:0.002365s ]

[ 2017-10-05T20:41:40+08:00 ] ::1 /hzaulab/index.php/Admin/Field/changeTheIntro
INFO: [ app_begin ] --START--
INFO: Run Behavior\ReadHtmlCacheBehavior [ RunTime:0.001930s ]
INFO: [ app_begin ] --END-- [ RunTime:0.003325s ]
SQL: SHOW COLUMNS FROM `tp_something` [ RunTime:0.0026s ]
SQL: SHOW COLUMNS FROM `tp_something` [ RunTime:0.0016s ]
SQL: UPDATE `tp_something` SET `theContent`='<div contenteditable=\"true\" style=\"width:100%; height:100%;\" class=\"w-e-text\"><p>这是山南温网室的简介</p></div>' WHERE ( id = 1 ) [ RunTime:0.0012s ]
INFO: [ app_end ] --START--
INFO: Run Behavior\ShowPageTraceBehavior [ RunTime:0.002559s ]
INFO: [ app_end ] --END-- [ RunTime:0.002932s ]

[ 2017-10-05T20:47:09+08:00 ] ::1 /hzaulab/index.php/Admin/Field/changeTheIntro
INFO: [ app_begin ] --START--
INFO: Run Behavior\ReadHtmlCacheBehavior [ RunTime:0.001935s ]
INFO: [ app_begin ] --END-- [ RunTime:0.003531s ]
SQL: SHOW COLUMNS FROM `tp_something` [ RunTime:0.0023s ]
SQL: SHOW COLUMNS FROM `tp_something` [ RunTime:0.0022s ]
SQL: UPDATE `tp_something` SET `theContent`='<div class=\"w-e-text\" style=\"width:100%; height:100%;\" contenteditable=\"true\"><p>这里是山南温网室的备注信息<br></p></div>' WHERE ( id = 1 ) [ RunTime:0.0015s ]
INFO: [ app_end ] --START--
INFO: Run Behavior\ShowPageTraceBehavior [ RunTime:0.002371s ]
INFO: [ app_end ] --END-- [ RunTime:0.002839s ]

[ 2017-10-05T20:47:36+08:00 ] ::1 /hzaulab/index.php/Admin/Field/changeTheIntro
INFO: [ app_begin ] --START--
INFO: Run Behavior\ReadHtmlCacheBehavior [ RunTime:0.001780s ]
INFO: [ app_begin ] --END-- [ RunTime:0.003114s ]
SQL: SHOW COLUMNS FROM `tp_something` [ RunTime:0.0019s ]
SQL: SHOW COLUMNS FROM `tp_something` [ RunTime:0.0020s ]
SQL: UPDATE `tp_something` SET `theContent`='<div contenteditable=\"true\" style=\"width:100%; height:100%;\" class=\"w-e-text\"><p>
                         </p><div><p>这里是露天盆栽场的备注信息</p></div></div>' WHERE ( id = 1 ) [ RunTime:0.0011s ]
INFO: [ app_end ] --START--
INFO: Run Behavior\ShowPageTraceBehavior [ RunTime:0.003171s ]
INFO: [ app_end ] --END-- [ RunTime:0.003680s ]

[ 2017-10-05T20:48:38+08:00 ] ::1 /hzaulab/index.php/Admin/Room/changeTheIntro
INFO: [ app_begin ] --START--
INFO: Run Behavior\ReadHtmlCacheBehavior [ RunTime:0.002409s ]
INFO: [ app_begin ] --END-- [ RunTime:0.003728s ]
SQL: SHOW COLUMNS FROM `tp_something` [ RunTime:0.0021s ]
SQL: SHOW COLUMNS FROM `tp_something` [ RunTime:0.0019s ]
SQL: UPDATE `tp_something` SET `theContent`='<div contenteditable=\"true\" style=\"width:100%; height:100%;\" class=\"w-e-text\"><p>
                         3                       </p><p><br></p></div>' WHERE ( id = 2 ) [ RunTime:0.0021s ]
INFO: [ app_end ] --START--
INFO: Run Behavior\ShowPageTraceBehavior [ RunTime:0.002071s ]
INFO: [ app_end ] --END-- [ RunTime:0.002407s ]

[ 2017-10-05T20:49:14+08:00 ] ::1 /hzaulab/index.php/Admin/Room/changeTheIntro
INFO: [ app_begin ] --START--
INFO: Run Behavior\ReadHtmlCacheBehavior [ RunTime:0.001765s ]
INFO: [ app_begin ] --END-- [ RunTime:0.003209s ]
SQL: SHOW COLUMNS FROM `tp_something` [ RunTime:0.0022s ]
SQL: SHOW COLUMNS FROM `tp_something` [ RunTime:0.0019s ]
SQL: UPDATE `tp_something` SET `theContent`='<div contenteditable=\"true\" style=\"width:100%; height:100%;\" class=\"w-e-text\"><p>
                         3                       </p><p><br></p></div>' WHERE ( id = 2 ) [ RunTime:0.0009s ]
NOTIC: [8] Undefined variable: data D:\wamp64\www\hzaulab\Application\Admin\Controller\RoomController.class.php 第 62 行.
INFO: [ app_end ] --START--
INFO: Run Behavior\ShowPageTraceBehavior [ RunTime:0.002227s ]
INFO: [ app_end ] --END-- [ RunTime:0.002574s ]

[ 2017-10-05T20:50:02+08:00 ] ::1 /hzaulab/index.php/Admin/Room/changeTheIntro
INFO: [ app_begin ] --START--
INFO: Run Behavior\ReadHtmlCacheBehavior [ RunTime:0.001788s ]
INFO: [ app_begin ] --END-- [ RunTime:0.003136s ]
SQL: SHOW COLUMNS FROM `tp_something` [ RunTime:0.0021s ]
SQL: SHOW COLUMNS FROM `tp_something` [ RunTime:0.0016s ]
SQL: UPDATE `tp_something` SET `theContent`='<div contenteditable=\"true\" style=\"width:100%; height:100%;\" class=\"w-e-text\"><p>这里是山北温网室的备注信息</p><p><br></p></div>' WHERE ( id = 3 ) [ RunTime:0.0009s ]
INFO: [ app_end ] --START--
INFO: Run Behavior\ShowPageTraceBehavior [ RunTime:0.002685s ]
INFO: [ app_end ] --END-- [ RunTime:0.003041s ]

[ 2017-10-05T20:51:15+08:00 ] ::1 /hzaulab/index.php/Admin/Room/changeTheIntro
INFO: [ app_begin ] --START--
INFO: Run Behavior\ReadHtmlCacheBehavior [ RunTime:0.002134s ]
INFO: [ app_begin ] --END-- [ RunTime:0.003505s ]
SQL: SHOW COLUMNS FROM `tp_something` [ RunTime:0.0039s ]
SQL: SHOW COLUMNS FROM `tp_something` [ RunTime:0.0015s ]
SQL: UPDATE `tp_something` SET `theContent`='<div contenteditable=\"true\" style=\"width:100%; height:100%;\" class=\"w-e-text\"><p>
                         </p><div><p>这里是山北温网室的备注信息</p></div></div>' WHERE ( id = 2 ) [ RunTime:0.0010s ]
INFO: [ app_end ] --START--
INFO: Run Behavior\ShowPageTraceBehavior [ RunTime:0.002308s ]
INFO: [ app_end ] --END-- [ RunTime:0.002672s ]

[ 2017-10-05T20:52:20+08:00 ] ::1 /hzaulab/index.php/Admin/Room/changeTheIntro
INFO: [ app_begin ] --START--
INFO: Run Behavior\ReadHtmlCacheBehavior [ RunTime:0.002989s ]
INFO: [ app_begin ] --END-- [ RunTime:0.004940s ]
SQL: SHOW COLUMNS FROM `tp_something` [ RunTime:0.0026s ]
SQL: SHOW COLUMNS FROM `tp_something` [ RunTime:0.0019s ]
SQL: UPDATE `tp_something` SET `theContent`='<div class=\"w-e-text\" style=\"width:100%; height:100%;\" contenteditable=\"true\"><p>
                         </p><div><p>这里是山北温网室的备注信息</p><p><br></p></div><p></p><p><br></p></div>' WHERE ( id = 2 ) [ RunTime:0.0157s ]
INFO: [ app_end ] --START--
INFO: Run Behavior\ShowPageTraceBehavior [ RunTime:0.001995s ]
INFO: [ app_end ] --END-- [ RunTime:0.002322s ]

[ 2017-10-05T20:56:08+08:00 ] ::1 /hzaulab/index.php/Admin/Room/changeTheIntro
INFO: [ app_begin ] --START--
INFO: Run Behavior\ReadHtmlCacheBehavior [ RunTime:0.001426s ]
INFO: [ app_begin ] --END-- [ RunTime:0.002929s ]
SQL: SHOW COLUMNS FROM `tp_something` [ RunTime:0.0018s ]
SQL: SHOW COLUMNS FROM `tp_something` [ RunTime:0.0016s ]
SQL: UPDATE `tp_something` SET `theContent`='<div contenteditable=\"true\" style=\"width:100%; height:100%;\" class=\"w-e-text\"><p>
                         </p><div><p>这里是山北温网室的备注信息</p><p><br></p></div><p></p><p><br></p></div>' WHERE ( id = 2 ) [ RunTime:0.0016s ]
INFO: [ app_end ] --START--
INFO: Run Behavior\ShowPageTraceBehavior [ RunTime:0.002190s ]
INFO: [ app_end ] --END-- [ RunTime:0.002535s ]

[ 2017-10-05T20:56:24+08:00 ] ::1 /hzaulab/index.php/Admin/Room/changeTheIntro
INFO: [ app_begin ] --START--
INFO: Run Behavior\ReadHtmlCacheBehavior [ RunTime:0.001396s ]
INFO: [ app_begin ] --END-- [ RunTime:0.002753s ]
SQL: SHOW COLUMNS FROM `tp_something` [ RunTime:0.0019s ]
SQL: SHOW COLUMNS FROM `tp_something` [ RunTime:0.0015s ]
SQL: UPDATE `tp_something` SET `theContent`='<div contenteditable=\"true\" style=\"width:100%; height:100%;\" class=\"w-e-text\"><p>
                         </p><div><p>这里是山北温网室的备注信息</p><p><br></p></div><p></p><p><br></p></div>' WHERE ( id = 2 ) [ RunTime:0.0008s ]
NOTIC: [8] Undefined variable: data D:\wamp64\www\hzaulab\Application\Admin\Controller\RoomController.class.php 第 65 行.
INFO: [ app_end ] --START--
INFO: Run Behavior\ShowPageTraceBehavior [ RunTime:0.002089s ]
INFO: [ app_end ] --END-- [ RunTime:0.002439s ]

[ 2017-10-05T20:59:09+08:00 ] ::1 /hzaulab/index.php/Admin/Room/changeTheIntro
INFO: [ app_begin ] --START--
INFO: Run Behavior\ReadHtmlCacheBehavior [ RunTime:0.002616s ]
INFO: [ app_begin ] --END-- [ RunTime:0.005196s ]
SQL: SHOW COLUMNS FROM `tp_something` [ RunTime:0.0019s ]
SQL: SHOW COLUMNS FROM `tp_something` [ RunTime:0.0018s ]
SQL: UPDATE `tp_something` SET `theContent`='<div contenteditable=\"true\" style=\"width:100%; height:100%;\" class=\"w-e-text\"><p>
                         </p><div><p>
                         </p><div><p>这里是山南温网室的备注信息</p><p><br></p></div><p></p><p><br></p></div><p></p><p><br></p></div>' WHERE ( id = 2 ) [ RunTime:0.0010s ]
INFO: [ app_end ] --START--
INFO: Run Behavior\ShowPageTraceBehavior [ RunTime:0.002077s ]
INFO: [ app_end ] --END-- [ RunTime:0.002410s ]

[ 2017-10-05T21:31:57+08:00 ] ::1 /hzaulab/index.php/Admin/Room/WimbledonRoom
ERR: 1064:You have an error in your SQL syntax; check the manual that corresponds to your MySQL server version for the right syntax to use near '= nos ) ORDER BY id desc' at line 1
 [ SQL语句 ] : SELECT * FROM `tp_ww` WHERE (  = nos ) ORDER BY id desc 

[ 2017-10-05T21:51:36+08:00 ] ::1 /hzaulab/index.php/Admin/Room/changeTheStatus
INFO: [ app_begin ] --START--
INFO: Run Behavior\ReadHtmlCacheBehavior [ RunTime:0.001995s ]
INFO: [ app_begin ] --END-- [ RunTime:0.003441s ]
SQL: SHOW COLUMNS FROM `tp_ww` [ RunTime:0.0024s ]
SQL: SHOW COLUMNS FROM `tp_ww` [ RunTime:0.0018s ]
NOTIC: [8] Undefined variable: content D:\wamp64\www\hzaulab\Application\Admin\Model\WwModel.class.php 第 59 行.
ERR: 1048:Column 'status' cannot be null
 [ SQL语句 ] : UPDATE `tp_ww` SET `status`=NULL WHERE ( id = "SB5-1" )
ERR: 1048:Column 'status' cannot be null
 [ SQL语句 ] : UPDATE `tp_ww` SET `status`=NULL WHERE ( id = "SB5-1" )

[ 2017-10-05T21:53:36+08:00 ] ::1 /hzaulab/index.php/Admin/Room/changeTheStatus
INFO: [ app_begin ] --START--
INFO: Run Behavior\ReadHtmlCacheBehavior [ RunTime:0.001790s ]
INFO: [ app_begin ] --END-- [ RunTime:0.003520s ]
SQL: SHOW COLUMNS FROM `tp_ww` [ RunTime:0.0025s ]
SQL: SHOW COLUMNS FROM `tp_ww` [ RunTime:0.0017s ]
SQL: UPDATE `tp_ww` SET `status`='1' WHERE ( id = "SB3-5" ) [ RunTime:0.0029s ]
SQL: UPDATE `tp_ww` SET `status`='1' WHERE ( id = "SB5-1" ) [ RunTime:0.0008s ]
INFO: [ app_end ] --START--
INFO: Run Behavior\ShowPageTraceBehavior [ RunTime:0.002533s ]
INFO: [ app_end ] --END-- [ RunTime:0.003049s ]

[ 2017-10-05T22:06:43+08:00 ] ::1 /hzaulab/index.php/Admin/Room/changeTheStatus
INFO: [ app_begin ] --START--
INFO: Run Behavior\ReadHtmlCacheBehavior [ RunTime:0.003853s ]
INFO: [ app_begin ] --END-- [ RunTime:0.007558s ]
SQL: SHOW COLUMNS FROM `tp_ww` [ RunTime:0.0034s ]
SQL: SHOW COLUMNS FROM `tp_ww` [ RunTime:0.0097s ]
SQL: UPDATE `tp_ww` SET `status`='1' WHERE ( id = "N1-4" ) [ RunTime:0.0031s ]
SQL: UPDATE `tp_ww` SET `status`='1' WHERE ( id = "N2-4" ) [ RunTime:0.0010s ]
INFO: [ app_end ] --START--
INFO: Run Behavior\ShowPageTraceBehavior [ RunTime:0.001692s ]
INFO: [ app_end ] --END-- [ RunTime:0.002036s ]

[ 2017-10-05T23:31:41+08:00 ] ::1 /hzaulab/index.php/Admin/Room/changeSomething
INFO: [ app_begin ] --START--
INFO: Run Behavior\ReadHtmlCacheBehavior [ RunTime:0.002525s ]
INFO: [ app_begin ] --END-- [ RunTime:0.003969s ]
SQL: SHOW COLUMNS FROM `tp_something` [ RunTime:0.0039s ]
SQL: SHOW COLUMNS FROM `tp_something` [ RunTime:0.0018s ]
SQL: UPDATE `tp_something` SET `theContent`='<div contenteditable=\"true\" style=\"width:100%; height:100%;\" class=\"w-e-text\"><p>
                                                </p><p>这里是B102光照培养室-备注</p></div>' WHERE ( id = 4 ) [ RunTime:0.0541s ]
INFO: [ app_end ] --START--
INFO: Run Behavior\ShowPageTraceBehavior [ RunTime:0.002073s ]
INFO: [ app_end ] --END-- [ RunTime:0.002529s ]

[ 2017-10-05T23:32:03+08:00 ] ::1 /hzaulab/index.php/Admin/Room/changeTheIntro
INFO: [ app_begin ] --START--
INFO: Run Behavior\ReadHtmlCacheBehavior [ RunTime:0.002658s ]
INFO: [ app_begin ] --END-- [ RunTime:0.004090s ]
SQL: SHOW COLUMNS FROM `tp_something` [ RunTime:0.0016s ]
SQL: SHOW COLUMNS FROM `tp_something` [ RunTime:0.0017s ]
SQL: UPDATE `tp_something` SET `theContent`='<div contenteditable=\"true\" style=\"width:100%; height:100%;\" class=\"w-e-text\"><p>
                         </p><div><p>
                         </p><div><p>
                         </p><div><p>这里是山南温网室的备注信息212</p></div></div><p></p><p><br></p></div><p></p><p><br></p></div>' WHERE ( id = 2 ) [ RunTime:0.0194s ]
INFO: [ app_end ] --START--
INFO: Run Behavior\ShowPageTraceBehavior [ RunTime:0.003200s ]
INFO: [ app_end ] --END-- [ RunTime:0.003807s ]

[ 2017-10-05T23:36:54+08:00 ] ::1 /hzaulab/index.php/Admin/Room/changeSomething
INFO: [ app_begin ] --START--
INFO: Run Behavior\ReadHtmlCacheBehavior [ RunTime:0.002288s ]
INFO: [ app_begin ] --END-- [ RunTime:0.003630s ]
SQL: SHOW COLUMNS FROM `tp_something` [ RunTime:0.0033s ]
SQL: SHOW COLUMNS FROM `tp_something` [ RunTime:0.0016s ]
SQL: UPDATE `tp_something` SET `theContent`='<div contenteditable=\"true\" style=\"width:100%; height:100%;\" class=\"w-e-text\"><p></p><p><br></p></div>' WHERE ( id = 4 ) [ RunTime:0.0012s ]
INFO: [ app_end ] --START--
INFO: Run Behavior\ShowPageTraceBehavior [ RunTime:0.002556s ]
INFO: [ app_end ] --END-- [ RunTime:0.002898s ]

[ 2017-10-05T23:37:38+08:00 ] ::1 /hzaulab/index.php/Admin/Room/changeSomething
INFO: [ app_begin ] --START--
INFO: Run Behavior\ReadHtmlCacheBehavior [ RunTime:0.002488s ]
INFO: [ app_begin ] --END-- [ RunTime:0.004010s ]
SQL: SHOW COLUMNS FROM `tp_something` [ RunTime:0.0024s ]
SQL: SHOW COLUMNS FROM `tp_something` [ RunTime:0.0017s ]
SQL: UPDATE `tp_something` SET `theContent`='<div contenteditable=\"true\" style=\"width:100%; height:100%;\" class=\"w-e-text\"><p></p><p><br></p></div>' WHERE ( id = 4 ) [ RunTime:0.0011s ]
NOTIC: [8] Undefined variable: data D:\wamp64\www\hzaulab\Application\Admin\Controller\RoomController.class.php 第 240 行.
INFO: [ app_end ] --START--
INFO: Run Behavior\ShowPageTraceBehavior [ RunTime:0.003062s ]
INFO: [ app_end ] --END-- [ RunTime:0.003600s ]

[ 2017-10-05T23:40:03+08:00 ] ::1 /hzaulab/index.php/Admin/Room/changeSomething
INFO: [ app_begin ] --START--
INFO: Run Behavior\ReadHtmlCacheBehavior [ RunTime:0.003948s ]
INFO: [ app_begin ] --END-- [ RunTime:0.005860s ]
SQL: SHOW COLUMNS FROM `tp_something` [ RunTime:0.0025s ]
SQL: SHOW COLUMNS FROM `tp_something` [ RunTime:0.0018s ]
SQL: UPDATE `tp_something` SET `theContent`='<div class=\"w-e-text\" style=\"width:100%; height:100%;\" contenteditable=\"true\"><p></p><p><br></p></div>' WHERE ( id = 4 ) [ RunTime:0.0011s ]
INFO: [ app_end ] --START--
INFO: Run Behavior\ShowPageTraceBehavior [ RunTime:0.002936s ]
INFO: [ app_end ] --END-- [ RunTime:0.003320s ]

[ 2017-10-05T23:41:44+08:00 ] ::1 /hzaulab/index.php/Admin/Room/changeSomething
INFO: [ app_begin ] --START--
INFO: Run Behavior\ReadHtmlCacheBehavior [ RunTime:0.002173s ]
INFO: [ app_begin ] --END-- [ RunTime:0.003521s ]
SQL: SHOW COLUMNS FROM `tp_something` [ RunTime:0.0020s ]
SQL: SHOW COLUMNS FROM `tp_something` [ RunTime:0.0015s ]
SQL: UPDATE `tp_something` SET `theContent`='<div contenteditable=\"true\" style=\"width:100%; height:100%;\" class=\"w-e-text\"><p></p><p><br></p></div>' WHERE ( id = 4 ) [ RunTime:0.0016s ]
INFO: [ app_end ] --START--
INFO: Run Behavior\ShowPageTraceBehavior [ RunTime:0.002557s ]
INFO: [ app_end ] --END-- [ RunTime:0.002963s ]

[ 2017-10-05T23:43:01+08:00 ] ::1 /hzaulab/index.php/Admin/Room/changeSomething
INFO: [ app_begin ] --START--
INFO: Run Behavior\ReadHtmlCacheBehavior [ RunTime:0.002962s ]
INFO: [ app_begin ] --END-- [ RunTime:0.004775s ]
SQL: SHOW COLUMNS FROM `tp_something` [ RunTime:0.0027s ]
SQL: SHOW COLUMNS FROM `tp_something` [ RunTime:0.0020s ]
SQL: UPDATE `tp_something` SET `theContent`='<div contenteditable=\"true\" style=\"width:100%; height:100%;\" class=\"w-e-text\"><p></p><p><br></p></div>' WHERE ( id = 4 ) [ RunTime:0.0020s ]
NOTIC: [8] Undefined variable: data D:\wamp64\www\hzaulab\Application\Admin\Controller\RoomController.class.php 第 240 行.
INFO: [ app_end ] --START--
INFO: Run Behavior\ShowPageTraceBehavior [ RunTime:0.002371s ]
INFO: [ app_end ] --END-- [ RunTime:0.002703s ]

[ 2017-10-05T23:45:14+08:00 ] ::1 /hzaulab/index.php/Admin/Room/changeSomething
INFO: [ app_begin ] --START--
INFO: Run Behavior\ReadHtmlCacheBehavior [ RunTime:0.002248s ]
INFO: [ app_begin ] --END-- [ RunTime:0.003686s ]
SQL: SHOW COLUMNS FROM `tp_something` [ RunTime:0.0020s ]
SQL: SHOW COLUMNS FROM `tp_something` [ RunTime:0.0016s ]
SQL: UPDATE `tp_something` SET `theContent`='<div contenteditable=\"true\" style=\"width:100%; height:100%;\" class=\"w-e-text\"><p><br></p></div>' WHERE ( id = 4 ) [ RunTime:0.0009s ]
INFO: [ app_end ] --START--
INFO: Run Behavior\ShowPageTraceBehavior [ RunTime:0.003085s ]
INFO: [ app_end ] --END-- [ RunTime:0.003466s ]

[ 2017-10-05T23:49:09+08:00 ] ::1 /hzaulab/index.php/Admin/Room/changeSomething
INFO: [ app_begin ] --START--
INFO: Run Behavior\ReadHtmlCacheBehavior [ RunTime:0.002232s ]
INFO: [ app_begin ] --END-- [ RunTime:0.003572s ]
SQL: SHOW COLUMNS FROM `tp_something` [ RunTime:0.0018s ]
SQL: SHOW COLUMNS FROM `tp_something` [ RunTime:0.0015s ]
SQL: UPDATE `tp_something` SET `theContent`='<div contenteditable=\"true\" style=\"width:100%; height:100%;\" class=\"w-e-text\"><p>123</p></div>' WHERE ( id = 4 ) [ RunTime:0.0013s ]
INFO: [ app_end ] --START--
INFO: Run Behavior\ShowPageTraceBehavior [ RunTime:0.002476s ]
INFO: [ app_end ] --END-- [ RunTime:0.002829s ]

[ 2017-10-05T23:49:30+08:00 ] ::1 /hzaulab/index.php/Admin/Room/changeSomething
INFO: [ app_begin ] --START--
INFO: Run Behavior\ReadHtmlCacheBehavior [ RunTime:0.003401s ]
INFO: [ app_begin ] --END-- [ RunTime:0.006927s ]
SQL: SHOW COLUMNS FROM `tp_something` [ RunTime:0.0025s ]
SQL: SHOW COLUMNS FROM `tp_something` [ RunTime:0.0019s ]
SQL: UPDATE `tp_something` SET `theContent`='<div contenteditable=\"true\" style=\"width:100%; height:100%;\" class=\"w-e-text\"><p>
                         </p><div><p>这是B102光照培养室-备注</p></div><p></p><p><br></p></div>' WHERE ( id = 4 ) [ RunTime:0.0012s ]
INFO: [ app_end ] --START--
INFO: Run Behavior\ShowPageTraceBehavior [ RunTime:0.004067s ]
INFO: [ app_end ] --END-- [ RunTime:0.004647s ]

[ 2017-10-05T23:50:47+08:00 ] ::1 /hzaulab/index.php/Admin/Room/changeSomething
INFO: [ app_begin ] --START--
INFO: Run Behavior\ReadHtmlCacheBehavior [ RunTime:0.003668s ]
INFO: [ app_begin ] --END-- [ RunTime:0.005634s ]
SQL: SHOW COLUMNS FROM `tp_something` [ RunTime:0.0022s ]
SQL: SHOW COLUMNS FROM `tp_something` [ RunTime:0.0017s ]
SQL: UPDATE `tp_something` SET `theContent`='<div contenteditable=\"true\" style=\"width:100%; height:100%;\" class=\"w-e-text\"><p>这是B103光照培养室-备注</p></div>' WHERE ( id = 5 ) [ RunTime:0.0009s ]
INFO: [ app_end ] --START--
INFO: Run Behavior\ShowPageTraceBehavior [ RunTime:0.002853s ]
INFO: [ app_end ] --END-- [ RunTime:0.003226s ]

