[ 2017-10-23T14:53:36+08:00 ] ::1 /hzaulab/index.php/Admin/Equipment/labdis/id/25
ERR: 非法操作:labdis

[ 2017-10-23T19:19:28+08:00 ] ::1 /hzaulab/index.php/Admin/Room/changeTheStatus
INFO: [ app_begin ] --START--
INFO: Run Behavior\ReadHtmlCacheBehavior [ RunTime:0.002849s ]
INFO: [ app_begin ] --END-- [ RunTime:0.004816s ]
NOTIC: [8] Undefined index: thecontent D:\wamp64\www\hzaulab\Application\Admin\Controller\RoomController.class.php 第 264 行.
SQL: SHOW COLUMNS FROM `tp_ww` [ RunTime:0.0047s ]
INFO: [ app_end ] --START--
INFO: Run Behavior\ShowPageTraceBehavior [ RunTime:0.003125s ]
INFO: [ app_end ] --END-- [ RunTime:0.003758s ]

[ 2017-10-23T19:20:56+08:00 ] ::1 /hzaulab/index.php/Admin/Room/changeTheStatus
INFO: [ app_begin ] --START--
INFO: Run Behavior\ReadHtmlCacheBehavior [ RunTime:0.002784s ]
INFO: [ app_begin ] --END-- [ RunTime:0.005059s ]
SQL: SHOW COLUMNS FROM `tp_ww` [ RunTime:0.0026s ]
SQL: SHOW COLUMNS FROM `tp_ww` [ RunTime:0.0018s ]
SQL: UPDATE `tp_ww` SET `status`='0' WHERE ( id = "SB3-5" ) [ RunTime:0.0012s ]
SQL: UPDATE `tp_ww` SET `status`='0' WHERE ( id = "SB5-1" ) [ RunTime:0.0009s ]
INFO: [ app_end ] --START--
INFO: Run Behavior\ShowPageTraceBehavior [ RunTime:0.003453s ]
INFO: [ app_end ] --END-- [ RunTime:0.003991s ]

[ 2017-10-23T19:21:04+08:00 ] ::1 /hzaulab/index.php/Admin/Room/changeTheStatus
INFO: [ app_begin ] --START--
INFO: Run Behavior\ReadHtmlCacheBehavior [ RunTime:0.001488s ]
INFO: [ app_begin ] --END-- [ RunTime:0.002567s ]
SQL: SHOW COLUMNS FROM `tp_ww` [ RunTime:0.0020s ]
SQL: SHOW COLUMNS FROM `tp_ww` [ RunTime:0.0012s ]
SQL: UPDATE `tp_ww` SET `status`='1' WHERE ( id = "SB2-8" ) [ RunTime:0.0007s ]
SQL: UPDATE `tp_ww` SET `status`='1' WHERE ( id = "SB6-4" ) [ RunTime:0.0006s ]
INFO: [ app_end ] --START--
INFO: Run Behavior\ShowPageTraceBehavior [ RunTime:0.001954s ]
INFO: [ app_end ] --END-- [ RunTime:0.002370s ]

[ 2017-10-23T19:23:43+08:00 ] ::1 /hzaulab/index.php/Admin/Room/changeTheStatus
INFO: [ app_begin ] --START--
INFO: Run Behavior\ReadHtmlCacheBehavior [ RunTime:0.002049s ]
INFO: [ app_begin ] --END-- [ RunTime:0.003488s ]
SQL: SHOW COLUMNS FROM `tp_ww` [ RunTime:0.0024s ]
SQL: SHOW COLUMNS FROM `tp_ww` [ RunTime:0.0020s ]
SQL: UPDATE `tp_ww` SET `status`='1' WHERE ( id = "SB4-4" ) [ RunTime:0.0009s ]
INFO: [ app_end ] --START--
INFO: Run Behavior\ShowPageTraceBehavior [ RunTime:0.002191s ]
INFO: [ app_end ] --END-- [ RunTime:0.002544s ]

[ 2017-10-23T19:23:50+08:00 ] ::1 /hzaulab/index.php/Admin/Room/changeTheStatus
INFO: [ app_begin ] --START--
INFO: Run Behavior\ReadHtmlCacheBehavior [ RunTime:0.001811s ]
INFO: [ app_begin ] --END-- [ RunTime:0.003119s ]
SQL: SHOW COLUMNS FROM `tp_ww` [ RunTime:0.0019s ]
SQL: SHOW COLUMNS FROM `tp_ww` [ RunTime:0.0018s ]
SQL: UPDATE `tp_ww` SET `status`='0' WHERE ( id = "SB4-4" ) [ RunTime:0.0008s ]
INFO: [ app_end ] --START--
INFO: Run Behavior\ShowPageTraceBehavior [ RunTime:0.002041s ]
INFO: [ app_end ] --END-- [ RunTime:0.002385s ]

