[ 2017-10-06T00:25:40+08:00 ] ::1 /hzaulab/index.php/Admin/Room/LightCultureRoom
ERR: Think\Model:getAllWw方法不存在！

[ 2017-10-06T00:42:52+08:00 ] ::1 /hzaulab/index.php/Admin/Room/changeTheStatus2
INFO: [ app_begin ] --START--
INFO: Run Behavior\ReadHtmlCacheBehavior [ RunTime:0.010311s ]
INFO: [ app_begin ] --END-- [ RunTime:0.012855s ]
SQL: SHOW COLUMNS FROM `tp_gz` [ RunTime:0.0042s ]
SQL: SHOW COLUMNS FROM `tp_gz` [ RunTime:0.0085s ]
SQL: UPDATE `tp_gz` SET `status`='1' WHERE ( id = "on" ) [ RunTime:0.0036s ]
SQL: UPDATE `tp_gz` SET `status`='1' WHERE ( id = "on" ) [ RunTime:0.0156s ]
INFO: [ app_end ] --START--
INFO: Run Behavior\ShowPageTraceBehavior [ RunTime:0.008038s ]
INFO: [ app_end ] --END-- [ RunTime:0.009049s ]

[ 2017-10-06T00:44:48+08:00 ] ::1 /hzaulab/index.php/Admin/Room/changeTheStatus2
INFO: [ app_begin ] --START--
INFO: Run Behavior\ReadHtmlCacheBehavior [ RunTime:0.003581s ]
INFO: [ app_begin ] --END-- [ RunTime:0.007737s ]
SQL: SHOW COLUMNS FROM `tp_gz` [ RunTime:0.0045s ]
SQL: SHOW COLUMNS FROM `tp_gz` [ RunTime:0.0017s ]
SQL: UPDATE `tp_gz` SET `status`='1' WHERE ( id = "on" ) [ RunTime:0.0167s ]
SQL: UPDATE `tp_gz` SET `status`='1' WHERE ( id = "on" ) [ RunTime:0.0007s ]
INFO: [ app_end ] --START--
INFO: Run Behavior\ShowPageTraceBehavior [ RunTime:0.002057s ]
INFO: [ app_end ] --END-- [ RunTime:0.002673s ]

[ 2017-10-06T00:44:57+08:00 ] ::1 /hzaulab/index.php/Admin/Room/changeTheStatus2
INFO: [ app_begin ] --START--
INFO: Run Behavior\ReadHtmlCacheBehavior [ RunTime:0.033708s ]
INFO: [ app_begin ] --END-- [ RunTime:0.038013s ]
SQL: SHOW COLUMNS FROM `tp_gz` [ RunTime:0.0027s ]
SQL: SHOW COLUMNS FROM `tp_gz` [ RunTime:0.0028s ]
SQL: UPDATE `tp_gz` SET `status`='1' WHERE ( id = "on" ) [ RunTime:0.0012s ]
SQL: UPDATE `tp_gz` SET `status`='1' WHERE ( id = "on" ) [ RunTime:0.0010s ]
INFO: [ app_end ] --START--
INFO: Run Behavior\ShowPageTraceBehavior [ RunTime:0.003785s ]
INFO: [ app_end ] --END-- [ RunTime:0.004482s ]

[ 2017-10-06T00:50:29+08:00 ] ::1 /hzaulab/index.php/Admin/Room/changeTheStatus2
INFO: [ app_begin ] --START--
INFO: Run Behavior\ReadHtmlCacheBehavior [ RunTime:0.005177s ]
INFO: [ app_begin ] --END-- [ RunTime:0.009472s ]
SQL: SHOW COLUMNS FROM `tp_gz` [ RunTime:0.0031s ]
SQL: SHOW COLUMNS FROM `tp_gz` [ RunTime:0.0021s ]
SQL: UPDATE `tp_gz` SET `status`='1' WHERE ( id = "on" ) [ RunTime:0.0008s ]
SQL: UPDATE `tp_gz` SET `status`='1' WHERE ( id = "on" ) [ RunTime:0.0007s ]
INFO: [ app_end ] --START--
INFO: Run Behavior\ShowPageTraceBehavior [ RunTime:0.002156s ]
INFO: [ app_end ] --END-- [ RunTime:0.002498s ]

[ 2017-10-06T00:50:37+08:00 ] ::1 /hzaulab/index.php/Admin/Room/changeTheStatus2
INFO: [ app_begin ] --START--
INFO: Run Behavior\ReadHtmlCacheBehavior [ RunTime:0.012663s ]
INFO: [ app_begin ] --END-- [ RunTime:0.017121s ]
SQL: SHOW COLUMNS FROM `tp_gz` [ RunTime:0.0030s ]
SQL: SHOW COLUMNS FROM `tp_gz` [ RunTime:0.0028s ]
SQL: UPDATE `tp_gz` SET `status`='1' WHERE ( id = "on" ) [ RunTime:0.0016s ]
SQL: UPDATE `tp_gz` SET `status`='1' WHERE ( id = "on" ) [ RunTime:0.0012s ]
INFO: [ app_end ] --START--
INFO: Run Behavior\ShowPageTraceBehavior [ RunTime:0.003637s ]
INFO: [ app_end ] --END-- [ RunTime:0.004277s ]

[ 2017-10-06T00:54:29+08:00 ] ::1 /hzaulab/index.php/Admin/Room/changeTheStatus2
INFO: [ app_begin ] --START--
INFO: Run Behavior\ReadHtmlCacheBehavior [ RunTime:0.003347s ]
INFO: [ app_begin ] --END-- [ RunTime:0.005447s ]
SQL: SHOW COLUMNS FROM `tp_gz` [ RunTime:0.0031s ]
SQL: SHOW COLUMNS FROM `tp_gz` [ RunTime:0.0040s ]
SQL: UPDATE `tp_gz` SET `status`='1' WHERE ( id = "D1-1-1-3" ) [ RunTime:0.0182s ]
SQL: UPDATE `tp_gz` SET `status`='1' WHERE ( id = "D1-2-1-1" ) [ RunTime:0.0012s ]
INFO: [ app_end ] --START--
INFO: Run Behavior\ShowPageTraceBehavior [ RunTime:0.003002s ]
INFO: [ app_end ] --END-- [ RunTime:0.003634s ]

[ 2017-10-06T00:54:41+08:00 ] ::1 /hzaulab/index.php/Admin/Room/changeTheStatus2
INFO: [ app_begin ] --START--
INFO: Run Behavior\ReadHtmlCacheBehavior [ RunTime:0.014453s ]
INFO: [ app_begin ] --END-- [ RunTime:0.017593s ]
SQL: SHOW COLUMNS FROM `tp_gz` [ RunTime:0.0026s ]
SQL: SHOW COLUMNS FROM `tp_gz` [ RunTime:0.0020s ]
SQL: UPDATE `tp_gz` SET `status`='1' WHERE ( id = "D1-1-3-1" ) [ RunTime:0.0014s ]
SQL: UPDATE `tp_gz` SET `status`='1' WHERE ( id = "D2-3-3-1" ) [ RunTime:0.0010s ]
INFO: [ app_end ] --START--
INFO: Run Behavior\ShowPageTraceBehavior [ RunTime:0.002765s ]
INFO: [ app_end ] --END-- [ RunTime:0.003141s ]

[ 2017-10-06T00:54:54+08:00 ] ::1 /hzaulab/index.php/Admin/Room/changeTheStatus2
INFO: [ app_begin ] --START--
INFO: Run Behavior\ReadHtmlCacheBehavior [ RunTime:0.011204s ]
INFO: [ app_begin ] --END-- [ RunTime:0.015259s ]
SQL: SHOW COLUMNS FROM `tp_gz` [ RunTime:0.0035s ]
SQL: SHOW COLUMNS FROM `tp_gz` [ RunTime:0.0029s ]
SQL: UPDATE `tp_gz` SET `status`='1' WHERE ( id = "D3-8-3-3" ) [ RunTime:0.0015s ]
SQL: UPDATE `tp_gz` SET `status`='1' WHERE ( id = "D3-3-2-1" ) [ RunTime:0.0024s ]
INFO: [ app_end ] --START--
INFO: Run Behavior\ShowPageTraceBehavior [ RunTime:0.003344s ]
INFO: [ app_end ] --END-- [ RunTime:0.003927s ]

[ 2017-10-06T01:08:40+08:00 ] ::1 /hzaulab/index.php/Admin/Room/changeTheStatus2
INFO: [ app_begin ] --START--
INFO: Run Behavior\ReadHtmlCacheBehavior [ RunTime:0.002153s ]
INFO: [ app_begin ] --END-- [ RunTime:0.003873s ]
NOTIC: [8] Undefined index: thecontent D:\wamp64\www\hzaulab\Application\Admin\Controller\RoomController.class.php 第 285 行.
SQL: SHOW COLUMNS FROM `tp_gz` [ RunTime:0.0031s ]
INFO: [ app_end ] --START--
INFO: Run Behavior\ShowPageTraceBehavior [ RunTime:0.002638s ]
INFO: [ app_end ] --END-- [ RunTime:0.003015s ]

[ 2017-10-06T01:17:07+08:00 ] ::1 /hzaulab/index.php/Admin/Room/changeTheStatus2
INFO: [ app_begin ] --START--
INFO: Run Behavior\ReadHtmlCacheBehavior [ RunTime:0.028660s ]
INFO: [ app_begin ] --END-- [ RunTime:0.038332s ]
SQL: SHOW COLUMNS FROM `tp_gz` [ RunTime:0.0030s ]
SQL: SHOW COLUMNS FROM `tp_gz` [ RunTime:0.0017s ]
SQL: UPDATE `tp_gz` SET `status`='1' WHERE ( id = "D3-2-3-1" ) [ RunTime:0.0021s ]
SQL: UPDATE `tp_gz` SET `status`='1' WHERE ( id = "D3-2-2-2" ) [ RunTime:0.0011s ]
INFO: [ app_end ] --START--
INFO: Run Behavior\ShowPageTraceBehavior [ RunTime:0.005190s ]
INFO: [ app_end ] --END-- [ RunTime:0.005755s ]

[ 2017-10-06T01:17:21+08:00 ] ::1 /hzaulab/index.php/Admin/Room/changeTheStatus2
INFO: [ app_begin ] --START--
INFO: Run Behavior\ReadHtmlCacheBehavior [ RunTime:0.007888s ]
INFO: [ app_begin ] --END-- [ RunTime:0.010223s ]
SQL: SHOW COLUMNS FROM `tp_gz` [ RunTime:0.0051s ]
SQL: SHOW COLUMNS FROM `tp_gz` [ RunTime:0.0053s ]
SQL: UPDATE `tp_gz` SET `status`='1' WHERE ( id = "D2-2-2-1" ) [ RunTime:0.0016s ]
SQL: UPDATE `tp_gz` SET `status`='1' WHERE ( id = "D2-2-3-1" ) [ RunTime:0.0010s ]
INFO: [ app_end ] --START--
INFO: Run Behavior\ShowPageTraceBehavior [ RunTime:0.004675s ]
INFO: [ app_end ] --END-- [ RunTime:0.005362s ]

[ 2017-10-06T01:17:30+08:00 ] ::1 /hzaulab/index.php/Admin/Room/changeTheStatus2
INFO: [ app_begin ] --START--
INFO: Run Behavior\ReadHtmlCacheBehavior [ RunTime:0.003562s ]
INFO: [ app_begin ] --END-- [ RunTime:0.008757s ]
SQL: SHOW COLUMNS FROM `tp_gz` [ RunTime:0.0052s ]
SQL: SHOW COLUMNS FROM `tp_gz` [ RunTime:0.0046s ]
SQL: UPDATE `tp_gz` SET `status`='1' WHERE ( id = "D2-3-2-2" ) [ RunTime:0.0036s ]
INFO: [ app_end ] --START--
INFO: Run Behavior\ShowPageTraceBehavior [ RunTime:0.006031s ]
INFO: [ app_end ] --END-- [ RunTime:0.006690s ]

[ 2017-10-06T01:17:47+08:00 ] ::1 /hzaulab/index.php/Admin/Room/changeTheStatus2
INFO: [ app_begin ] --START--
INFO: Run Behavior\ReadHtmlCacheBehavior [ RunTime:0.011368s ]
INFO: [ app_begin ] --END-- [ RunTime:0.020978s ]
SQL: SHOW COLUMNS FROM `tp_gz` [ RunTime:0.0038s ]
SQL: SHOW COLUMNS FROM `tp_gz` [ RunTime:0.0029s ]
SQL: UPDATE `tp_gz` SET `status`='1' WHERE ( id = "D1-3-2-2" ) [ RunTime:0.0010s ]
SQL: UPDATE `tp_gz` SET `status`='1' WHERE ( id = "D1-3-2-4" ) [ RunTime:0.0010s ]
INFO: [ app_end ] --START--
INFO: Run Behavior\ShowPageTraceBehavior [ RunTime:0.004762s ]
INFO: [ app_end ] --END-- [ RunTime:0.005814s ]

[ 2017-10-06T01:18:51+08:00 ] ::1 /hzaulab/index.php/Admin/Room/changeTheStatus2
INFO: [ app_begin ] --START--
INFO: Run Behavior\ReadHtmlCacheBehavior [ RunTime:0.005177s ]
INFO: [ app_begin ] --END-- [ RunTime:0.007896s ]
SQL: SHOW COLUMNS FROM `tp_gz` [ RunTime:0.0029s ]
SQL: SHOW COLUMNS FROM `tp_gz` [ RunTime:0.0061s ]
SQL: UPDATE `tp_gz` SET `status`='1' WHERE ( id = "D2-2-1-3" ) [ RunTime:0.0033s ]
SQL: UPDATE `tp_gz` SET `status`='1' WHERE ( id = "D1-2-2-3" ) [ RunTime:0.0051s ]
INFO: [ app_end ] --START--
INFO: Run Behavior\ShowPageTraceBehavior [ RunTime:0.006855s ]
INFO: [ app_end ] --END-- [ RunTime:0.008955s ]

[ 2017-10-06T01:19:14+08:00 ] ::1 /hzaulab/index.php/Admin/Room/changeTheStatus2
INFO: [ app_begin ] --START--
INFO: Run Behavior\ReadHtmlCacheBehavior [ RunTime:0.012091s ]
INFO: [ app_begin ] --END-- [ RunTime:0.014142s ]
SQL: SHOW COLUMNS FROM `tp_gz` [ RunTime:0.0032s ]
SQL: SHOW COLUMNS FROM `tp_gz` [ RunTime:0.0054s ]
SQL: UPDATE `tp_gz` SET `status`='1' WHERE ( id = "D3-5-4-3" ) [ RunTime:0.0014s ]
SQL: UPDATE `tp_gz` SET `status`='1' WHERE ( id = "D3-7-3-1" ) [ RunTime:0.0011s ]
INFO: [ app_end ] --START--
INFO: Run Behavior\ShowPageTraceBehavior [ RunTime:0.004227s ]
INFO: [ app_end ] --END-- [ RunTime:0.004728s ]

[ 2017-10-06T01:20:29+08:00 ] ::1 /hzaulab/index.php/Admin/Room/changeTheStatus2
INFO: [ app_begin ] --START--
INFO: Run Behavior\ReadHtmlCacheBehavior [ RunTime:0.004053s ]
INFO: [ app_begin ] --END-- [ RunTime:0.006247s ]
SQL: SHOW COLUMNS FROM `tp_gz` [ RunTime:0.0031s ]
SQL: SHOW COLUMNS FROM `tp_gz` [ RunTime:0.0052s ]
SQL: UPDATE `tp_gz` SET `status`='1' WHERE ( id = "D3-7-2-3" ) [ RunTime:0.0020s ]
SQL: UPDATE `tp_gz` SET `status`='1' WHERE ( id = "D3-6-2-1" ) [ RunTime:0.0028s ]
INFO: [ app_end ] --START--
INFO: Run Behavior\ShowPageTraceBehavior [ RunTime:0.003777s ]
INFO: [ app_end ] --END-- [ RunTime:0.004388s ]

[ 2017-10-06T01:20:54+08:00 ] ::1 /hzaulab/index.php/Admin/Room/changeTheStatus2
INFO: [ app_begin ] --START--
INFO: Run Behavior\ReadHtmlCacheBehavior [ RunTime:0.008460s ]
INFO: [ app_begin ] --END-- [ RunTime:0.012820s ]
SQL: SHOW COLUMNS FROM `tp_gz` [ RunTime:0.0023s ]
SQL: SHOW COLUMNS FROM `tp_gz` [ RunTime:0.0031s ]
SQL: UPDATE `tp_gz` SET `status`='0' WHERE ( id = "D1-1-3-1" ) [ RunTime:0.0009s ]
SQL: UPDATE `tp_gz` SET `status`='0' WHERE ( id = "D1-1-1-3" ) [ RunTime:0.0010s ]
SQL: UPDATE `tp_gz` SET `status`='0' WHERE ( id = "D2-2-2-1" ) [ RunTime:0.0008s ]
SQL: UPDATE `tp_gz` SET `status`='0' WHERE ( id = "D2-2-3-1" ) [ RunTime:0.0007s ]
SQL: UPDATE `tp_gz` SET `status`='0' WHERE ( id = "D2-2-1-3" ) [ RunTime:0.0008s ]
SQL: UPDATE `tp_gz` SET `status`='0' WHERE ( id = "D2-3-3-1" ) [ RunTime:0.0008s ]
SQL: UPDATE `tp_gz` SET `status`='0' WHERE ( id = "D2-3-2-2" ) [ RunTime:0.0007s ]
SQL: UPDATE `tp_gz` SET `status`='0' WHERE ( id = "D1-2-1-1" ) [ RunTime:0.0007s ]
SQL: UPDATE `tp_gz` SET `status`='0' WHERE ( id = "D1-2-2-3" ) [ RunTime:0.0007s ]
SQL: UPDATE `tp_gz` SET `status`='0' WHERE ( id = "D1-3-2-2" ) [ RunTime:0.0007s ]
SQL: UPDATE `tp_gz` SET `status`='0' WHERE ( id = "D1-3-2-4" ) [ RunTime:0.0007s ]
INFO: [ app_end ] --START--
INFO: Run Behavior\ShowPageTraceBehavior [ RunTime:0.001980s ]
INFO: [ app_end ] --END-- [ RunTime:0.002306s ]

[ 2017-10-06T01:21:11+08:00 ] ::1 /hzaulab/index.php/Admin/Room/changeTheStatus2
INFO: [ app_begin ] --START--
INFO: Run Behavior\ReadHtmlCacheBehavior [ RunTime:0.007753s ]
INFO: [ app_begin ] --END-- [ RunTime:0.009749s ]
SQL: SHOW COLUMNS FROM `tp_gz` [ RunTime:0.0028s ]
SQL: SHOW COLUMNS FROM `tp_gz` [ RunTime:0.0025s ]
SQL: UPDATE `tp_gz` SET `status`='0' WHERE ( id = "D3-8-3-3" ) [ RunTime:0.0015s ]
SQL: UPDATE `tp_gz` SET `status`='0' WHERE ( id = "D3-2-3-1" ) [ RunTime:0.0021s ]
SQL: UPDATE `tp_gz` SET `status`='0' WHERE ( id = "D3-2-2-2" ) [ RunTime:0.0008s ]
SQL: UPDATE `tp_gz` SET `status`='0' WHERE ( id = "D3-3-2-1" ) [ RunTime:0.0007s ]
SQL: UPDATE `tp_gz` SET `status`='0' WHERE ( id = "D3-5-4-3" ) [ RunTime:0.0157s ]
SQL: UPDATE `tp_gz` SET `status`='0' WHERE ( id = "D3-7-2-3" ) [ RunTime:0.0013s ]
SQL: UPDATE `tp_gz` SET `status`='0' WHERE ( id = "D3-6-2-1" ) [ RunTime:0.0009s ]
INFO: [ app_end ] --START--
INFO: Run Behavior\ShowPageTraceBehavior [ RunTime:0.002702s ]
INFO: [ app_end ] --END-- [ RunTime:0.003065s ]

[ 2017-10-06T01:21:22+08:00 ] ::1 /hzaulab/index.php/Admin/Room/changeTheStatus2
INFO: [ app_begin ] --START--
INFO: Run Behavior\ReadHtmlCacheBehavior [ RunTime:0.003124s ]
INFO: [ app_begin ] --END-- [ RunTime:0.005449s ]
SQL: SHOW COLUMNS FROM `tp_gz` [ RunTime:0.0041s ]
SQL: SHOW COLUMNS FROM `tp_gz` [ RunTime:0.0024s ]
SQL: UPDATE `tp_gz` SET `status`='1' WHERE ( id = "D3-5-4-3" ) [ RunTime:0.0020s ]
SQL: UPDATE `tp_gz` SET `status`='1' WHERE ( id = "D3-7-2-3" ) [ RunTime:0.0015s ]
INFO: [ app_end ] --START--
INFO: Run Behavior\ShowPageTraceBehavior [ RunTime:0.003190s ]
INFO: [ app_end ] --END-- [ RunTime:0.003685s ]

[ 2017-10-06T01:31:44+08:00 ] ::1 /hzaulab/index.php/Admin/Laboratory/equipment_app_show
ERR: 非法操作:equipment_app_show

[ 2017-10-06T18:48:30+08:00 ] ::1 /hzaulab/index.php/Admin/Laboratory/equipment_app_show
ERR: 非法操作:equipment_app_show

[ 2017-10-06T18:48:35+08:00 ] ::1 /hzaulab/index.php/Admin/Laboratory/equipment_app_show
ERR: 非法操作:equipment_app_show

[ 2017-10-06T19:23:23+08:00 ] ::1 /hzaulab/index.php/Admin/Laboratory/equipment_app_show
ERR: 非法操作:equipment_app_show

[ 2017-10-06T20:44:15+08:00 ] ::1 /hzaulab/index.php/Admin/Laboratory/changeMe
ERR: 1048:Column 'ecname' cannot be null
 [ SQL语句 ] : UPDATE `tp_equipment` SET `ecname`=NULL,`eoutid`=NULL,`eprice`=NULL,`elocation`=NULL,`eblong`=NULL,`now`=NULL,`introduction`=NULL WHERE ( id = 50 )

[ 2017-10-06T20:45:49+08:00 ] ::1 /hzaulab/index.php/Admin/Laboratory/changeMe
ERR: 1048:Column 'ecname' cannot be null
 [ SQL语句 ] : UPDATE `tp_equipment` SET `ecname`=NULL,`eoutid`=NULL,`eprice`=NULL,`elocation`=NULL,`eblong`=NULL,`now`=NULL,`introduction`=NULL WHERE ( id = 50 )

[ 2017-10-06T20:46:06+08:00 ] ::1 /hzaulab/index.php/Admin/Laboratory/changeMe
ERR: 1048:Column 'ecname' cannot be null
 [ SQL语句 ] : UPDATE `tp_equipment` SET `ecname`=NULL,`eoutid`=NULL,`eprice`=NULL,`elocation`=NULL,`eblong`=NULL,`now`=NULL,`introduction`=NULL WHERE ( id = 50 )

[ 2017-10-06T20:56:57+08:00 ] ::1 /hzaulab/index.php/Admin/Laboratory/labdis/id/50
ERR: 1064:You have an error in your SQL syntax; check the manual that corresponds to your MySQL server version for the right syntax to use near ') LIMIT 1' at line 1
 [ SQL语句 ] : SELECT * FROM `tp_contact` WHERE ( id =  ) LIMIT 1  

[ 2017-10-06T20:56:59+08:00 ] ::1 /hzaulab/index.php/Admin/Laboratory/labdis/id/50
ERR: 1064:You have an error in your SQL syntax; check the manual that corresponds to your MySQL server version for the right syntax to use near ') LIMIT 1' at line 1
 [ SQL语句 ] : SELECT * FROM `tp_contact` WHERE ( id =  ) LIMIT 1  

[ 2017-10-06T20:57:01+08:00 ] ::1 /hzaulab/index.php/Admin/Laboratory/labdis/id/50
ERR: 1064:You have an error in your SQL syntax; check the manual that corresponds to your MySQL server version for the right syntax to use near ') LIMIT 1' at line 1
 [ SQL语句 ] : SELECT * FROM `tp_contact` WHERE ( id =  ) LIMIT 1  

[ 2017-10-06T20:59:23+08:00 ] ::1 /hzaulab/index.php/Admin/Laboratory/doChange/id/48
ERR: 非法操作:doChange

[ 2017-10-06T21:00:00+08:00 ] ::1 /hzaulab/index.php/Admin/Laboratory/doChange/id/48
ERR: 非法操作:doChange

[ 2017-10-06T21:15:21+08:00 ] ::1 /hzaulab/index.php/Admin/Equipment/labdis/id/25
ERR: 非法操作:labdis

