[ 2017-10-02T16:32:11+08:00 ] ::1 /hzaulab/index.php/Admin/Field/changeTheIntro
INFO: [ app_begin ] --START--
INFO: Run Behavior\ReadHtmlCacheBehavior [ RunTime:0.001920s ]
INFO: [ app_begin ] --END-- [ RunTime:0.003355s ]
SQL: SHOW COLUMNS FROM `tp_something` [ RunTime:0.0342s ]
SQL: SHOW COLUMNS FROM `tp_something` [ RunTime:0.0015s ]
ERR: 1054:Unknown column 'content' in 'field list'
 [ SQL语句 ] : UPDATE `tp_something` SET `content`='<div contenteditable=\"true\" style=\"width:100%; height:100%;\" class=\"w-e-text\"><p>dddddf</p></div>' WHERE ( id = 1 )
ERR: 1054:Unknown column 'content' in 'field list'
 [ SQL语句 ] : UPDATE `tp_something` SET `content`='<div contenteditable=\"true\" style=\"width:100%; height:100%;\" class=\"w-e-text\"><p>dddddf</p></div>' WHERE ( id = 1 )

[ 2017-10-02T16:32:29+08:00 ] ::1 /hzaulab/index.php/Admin/Field/changeTheIntro
INFO: [ app_begin ] --START--
INFO: Run Behavior\ReadHtmlCacheBehavior [ RunTime:0.002333s ]
INFO: [ app_begin ] --END-- [ RunTime:0.004718s ]
SQL: SHOW COLUMNS FROM `tp_something` [ RunTime:0.0028s ]
SQL: SHOW COLUMNS FROM `tp_something` [ RunTime:0.0027s ]
ERR: 1054:Unknown column 'content' in 'field list'
 [ SQL语句 ] : UPDATE `tp_something` SET `content`='<div contenteditable=\"true\" style=\"width:100%; height:100%;\" class=\"w-e-text\"><p>dddddfffff</p></div>' WHERE ( id = 1 )
ERR: 1054:Unknown column 'content' in 'field list'
 [ SQL语句 ] : UPDATE `tp_something` SET `content`='<div contenteditable=\"true\" style=\"width:100%; height:100%;\" class=\"w-e-text\"><p>dddddfffff</p></div>' WHERE ( id = 1 )

[ 2017-10-02T16:32:50+08:00 ] ::1 /hzaulab/index.php/Admin/Field/changeTheIntro
INFO: [ app_begin ] --START--
INFO: Run Behavior\ReadHtmlCacheBehavior [ RunTime:0.001678s ]
INFO: [ app_begin ] --END-- [ RunTime:0.003147s ]
SQL: SHOW COLUMNS FROM `tp_something` [ RunTime:0.0028s ]
SQL: SHOW COLUMNS FROM `tp_something` [ RunTime:0.0019s ]
ERR: 1054:Unknown column 'content' in 'field list'
 [ SQL语句 ] : UPDATE `tp_something` SET `content`='<div contenteditable=\"true\" style=\"width:100%; height:100%;\" class=\"w-e-text\"><p>dddddfffffffffff</p></div>' WHERE ( id = 1 )
ERR: 1054:Unknown column 'content' in 'field list'
 [ SQL语句 ] : UPDATE `tp_something` SET `content`='<div contenteditable=\"true\" style=\"width:100%; height:100%;\" class=\"w-e-text\"><p>dddddfffffffffff</p></div>' WHERE ( id = 1 )

[ 2017-10-02T16:35:27+08:00 ] ::1 /hzaulab/index.php/Admin/Field/changeTheIntro
INFO: [ app_begin ] --START--
INFO: Run Behavior\ReadHtmlCacheBehavior [ RunTime:0.003815s ]
INFO: [ app_begin ] --END-- [ RunTime:0.005837s ]
SQL: SHOW COLUMNS FROM `tp_something` [ RunTime:0.0020s ]
SQL: SHOW COLUMNS FROM `tp_something` [ RunTime:0.0014s ]
ERR: 1054:Unknown column 'content' in 'field list'
 [ SQL语句 ] : UPDATE `tp_something` SET `content`='<div contenteditable=\"true\" style=\"width:100%; height:100%;\" class=\"w-e-text\"><p>fffff</p></div>' WHERE ( id = 1 )
ERR: 1054:Unknown column 'content' in 'field list'
 [ SQL语句 ] : UPDATE `tp_something` SET `content`='<div contenteditable=\"true\" style=\"width:100%; height:100%;\" class=\"w-e-text\"><p>fffff</p></div>' WHERE ( id = 1 )

[ 2017-10-02T16:37:27+08:00 ] ::1 /hzaulab/index.php/Admin/Field/changeTheIntro
INFO: [ app_begin ] --START--
INFO: Run Behavior\ReadHtmlCacheBehavior [ RunTime:0.002594s ]
INFO: [ app_begin ] --END-- [ RunTime:0.003965s ]
SQL: SHOW COLUMNS FROM `tp_something` [ RunTime:0.0026s ]
SQL: SHOW COLUMNS FROM `tp_something` [ RunTime:0.0020s ]
ERR: 1054:Unknown column 'content' in 'field list'
 [ SQL语句 ] : UPDATE `tp_something` SET `content`='<div contenteditable=\"true\" style=\"width:100%; height:100%;\" class=\"w-e-text\"><p>gggg</p></div>' WHERE ( id = 1 )
ERR: 1054:Unknown column 'content' in 'field list'
 [ SQL语句 ] : UPDATE `tp_something` SET `content`='<div contenteditable=\"true\" style=\"width:100%; height:100%;\" class=\"w-e-text\"><p>gggg</p></div>' WHERE ( id = 1 )

[ 2017-10-02T16:40:19+08:00 ] ::1 /hzaulab/index.php/Admin/Field/changeTheIntro
INFO: [ app_begin ] --START--
INFO: Run Behavior\ReadHtmlCacheBehavior [ RunTime:0.001775s ]
INFO: [ app_begin ] --END-- [ RunTime:0.003100s ]
SQL: SHOW COLUMNS FROM `tp_something` [ RunTime:0.0023s ]
SQL: SHOW COLUMNS FROM `tp_something` [ RunTime:0.0014s ]
SQL: UPDATE `tp_something` SET `theContent`='<div contenteditable=\"true\" style=\"width:100%; height:100%;\" class=\"w-e-text\"><p>这里是露天盆栽场的备注信息</p></div>' WHERE ( id = 1 ) [ RunTime:0.0090s ]
INFO: [ app_end ] --START--
INFO: Run Behavior\ShowPageTraceBehavior [ RunTime:0.002048s ]
INFO: [ app_end ] --END-- [ RunTime:0.002406s ]

[ 2017-10-02T16:44:46+08:00 ] ::1 /hzaulab/index.php/Admin/Field/changeTheIntro
INFO: [ app_begin ] --START--
INFO: Run Behavior\ReadHtmlCacheBehavior [ RunTime:0.003730s ]
INFO: [ app_begin ] --END-- [ RunTime:0.006077s ]
SQL: SHOW COLUMNS FROM `tp_something` [ RunTime:0.0017s ]
SQL: SHOW COLUMNS FROM `tp_something` [ RunTime:0.0015s ]
SQL: UPDATE `tp_something` SET `theContent`='<div contenteditable=\"true\" style=\"width:100%; height:100%;\" class=\"w-e-text\"><div contenteditable=\"true\" style=\"width:100%; height:100%;\" class=\"w-e-text\"><p>这里是露天盆栽场的备注信息</p><p>修改于2017年10月2日</p></div></div>' WHERE ( id = 1 ) [ RunTime:0.0013s ]
INFO: [ app_end ] --START--
INFO: Run Behavior\ShowPageTraceBehavior [ RunTime:0.002734s ]
INFO: [ app_end ] --END-- [ RunTime:0.003226s ]

[ 2017-10-02T16:47:41+08:00 ] ::1 /hzaulab/index.php/Admin/Field/changeTheIntro
INFO: [ app_begin ] --START--
INFO: Run Behavior\ReadHtmlCacheBehavior [ RunTime:0.001982s ]
INFO: [ app_begin ] --END-- [ RunTime:0.003344s ]
SQL: SHOW COLUMNS FROM `tp_something` [ RunTime:0.0018s ]
SQL: SHOW COLUMNS FROM `tp_something` [ RunTime:0.0015s ]
SQL: UPDATE `tp_something` SET `theContent`='<div contenteditable=\"true\" style=\"width:100%; height:100%;\" class=\"w-e-text\"><p>这里是露天盆栽场的备注信息</p></div>' WHERE ( id = 1 ) [ RunTime:0.0009s ]
INFO: [ app_end ] --START--
INFO: Run Behavior\ShowPageTraceBehavior [ RunTime:0.002008s ]
INFO: [ app_end ] --END-- [ RunTime:0.002349s ]

[ 2017-10-02T16:48:00+08:00 ] ::1 /hzaulab/index.php/Admin/Field/changeTheIntro
INFO: [ app_begin ] --START--
INFO: Run Behavior\ReadHtmlCacheBehavior [ RunTime:0.002828s ]
INFO: [ app_begin ] --END-- [ RunTime:0.004177s ]
SQL: SHOW COLUMNS FROM `tp_something` [ RunTime:0.0159s ]
SQL: SHOW COLUMNS FROM `tp_something` [ RunTime:0.0014s ]
SQL: UPDATE `tp_something` SET `theContent`='<div contenteditable=\"true\" style=\"width:100%; height:100%;\" class=\"w-e-text\"><p>
                         </p><div contenteditable=\"true\" style=\"width:100%; height:100%;\" class=\"w-e-text\"><p>这里是露天盆栽场的备注信息</p><p>这里也是露天盆栽场的备注的信息</p></div><p></p><p><br></p></div>' WHERE ( id = 1 ) [ RunTime:0.0010s ]
INFO: [ app_end ] --START--
INFO: Run Behavior\ShowPageTraceBehavior [ RunTime:0.002060s ]
INFO: [ app_end ] --END-- [ RunTime:0.002410s ]

[ 2017-10-02T16:49:15+08:00 ] ::1 /hzaulab/index.php/Admin/Field/changeTheIntro
INFO: [ app_begin ] --START--
INFO: Run Behavior\ReadHtmlCacheBehavior [ RunTime:0.001831s ]
INFO: [ app_begin ] --END-- [ RunTime:0.003125s ]
SQL: SHOW COLUMNS FROM `tp_something` [ RunTime:0.0025s ]
SQL: SHOW COLUMNS FROM `tp_something` [ RunTime:0.0020s ]
SQL: UPDATE `tp_something` SET `theContent`='&lt;div contenteditable=&quot;true&quot; style=&quot;width:100%; height:100%;&quot; class=&quot;w-e-text&quot;&gt;&lt;p&gt;
                                                &lt;/p&gt;&lt;p&gt;这里是露天盆栽场的备注信息&lt;/p&gt;&lt;/div&gt;' WHERE ( id = 1 ) [ RunTime:0.0012s ]
INFO: [ app_end ] --START--
INFO: Run Behavior\ShowPageTraceBehavior [ RunTime:0.003290s ]
INFO: [ app_end ] --END-- [ RunTime:0.003946s ]

[ 2017-10-02T16:51:39+08:00 ] ::1 /hzaulab/index.php/Admin/Field/changeTheIntro
INFO: [ app_begin ] --START--
INFO: Run Behavior\ReadHtmlCacheBehavior [ RunTime:0.003023s ]
INFO: [ app_begin ] --END-- [ RunTime:0.005095s ]
SQL: SHOW COLUMNS FROM `tp_something` [ RunTime:0.0019s ]
SQL: SHOW COLUMNS FROM `tp_something` [ RunTime:0.0016s ]
SQL: UPDATE `tp_something` SET `theContent`='&lt;div contenteditable=&quot;true&quot; style=&quot;width:100%; height:100%;&quot; class=&quot;w-e-text&quot;&gt;&lt;p&gt;
                         &amp;lt;                       &lt;/p&gt;&lt;p&gt;126456&lt;/p&gt;&lt;/div&gt;' WHERE ( id = 1 ) [ RunTime:0.0010s ]
INFO: [ app_end ] --START--
INFO: Run Behavior\ShowPageTraceBehavior [ RunTime:0.002209s ]
INFO: [ app_end ] --END-- [ RunTime:0.002584s ]

[ 2017-10-02T16:53:19+08:00 ] ::1 /hzaulab/index.php/Admin/Field/changeTheIntro
INFO: [ app_begin ] --START--
INFO: Run Behavior\ReadHtmlCacheBehavior [ RunTime:0.001997s ]
INFO: [ app_begin ] --END-- [ RunTime:0.003519s ]
SQL: SHOW COLUMNS FROM `tp_something` [ RunTime:0.0018s ]
SQL: SHOW COLUMNS FROM `tp_something` [ RunTime:0.0015s ]
SQL: UPDATE `tp_something` SET `theContent`='&lt;div contenteditable=&quot;true&quot; style=&quot;width:100%; height:100%;&quot; class=&quot;w-e-text&quot;&gt;&lt;p&gt;
                         &lt;/p&gt;&lt;div contenteditable=&quot;true&quot; style=&quot;width:100%; height:100%;&quot; class=&quot;w-e-text&quot;&gt;&lt;p&gt;这里是露天盆栽场的备注信息&lt;/p&gt;&lt;/div&gt;&lt;p&gt;&lt;/p&gt;&lt;p&gt;&lt;br&gt;&lt;/p&gt;&lt;/div&gt;' WHERE ( id = 1 ) [ RunTime:0.0020s ]
INFO: [ app_end ] --START--
INFO: Run Behavior\ShowPageTraceBehavior [ RunTime:0.003302s ]
INFO: [ app_end ] --END-- [ RunTime:0.003993s ]

[ 2017-10-02T16:54:30+08:00 ] ::1 /hzaulab/index.php/Admin/Field/changeTheIntro
INFO: [ app_begin ] --START--
INFO: Run Behavior\ReadHtmlCacheBehavior [ RunTime:0.002285s ]
INFO: [ app_begin ] --END-- [ RunTime:0.003646s ]
SQL: SHOW COLUMNS FROM `tp_something` [ RunTime:0.0017s ]
SQL: SHOW COLUMNS FROM `tp_something` [ RunTime:0.0014s ]
SQL: UPDATE `tp_something` SET `theContent`='<div contenteditable=\"true\" style=\"width:100%; height:100%;\" class=\"w-e-text\"><p>123</p></div>' WHERE ( id = 1 ) [ RunTime:0.0009s ]
INFO: [ app_end ] --START--
INFO: Run Behavior\ShowPageTraceBehavior [ RunTime:0.002121s ]
INFO: [ app_end ] --END-- [ RunTime:0.002508s ]

[ 2017-10-02T16:55:29+08:00 ] ::1 /hzaulab/index.php/Admin/Field/changeTheIntro
INFO: [ app_begin ] --START--
INFO: Run Behavior\ReadHtmlCacheBehavior [ RunTime:0.003063s ]
INFO: [ app_begin ] --END-- [ RunTime:0.005126s ]
SQL: SHOW COLUMNS FROM `tp_something` [ RunTime:0.0023s ]
SQL: SHOW COLUMNS FROM `tp_something` [ RunTime:0.0022s ]
SQL: UPDATE `tp_something` SET `theContent`='<div contenteditable=\"true\" style=\"width:100%; height:100%;\" class=\"w-e-text\"><p>
                         </p><div contenteditable=\"true\" style=\"width:100%; height:100%;\" class=\"w-e-text\"><p>123滚滚滚</p></div><p></p><p><br></p></div>' WHERE ( id = 1 ) [ RunTime:0.0016s ]
INFO: [ app_end ] --START--
INFO: Run Behavior\ShowPageTraceBehavior [ RunTime:0.003437s ]
INFO: [ app_end ] --END-- [ RunTime:0.004129s ]

[ 2017-10-02T16:57:41+08:00 ] ::1 /hzaulab/index.php/Admin/Field/changeTheIntro
INFO: [ app_begin ] --START--
INFO: Run Behavior\ReadHtmlCacheBehavior [ RunTime:0.003542s ]
INFO: [ app_begin ] --END-- [ RunTime:0.005318s ]
SQL: SHOW COLUMNS FROM `tp_something` [ RunTime:0.0026s ]
SQL: SHOW COLUMNS FROM `tp_something` [ RunTime:0.0021s ]
SQL: UPDATE `tp_something` SET `theContent`='<div contenteditable=\"true\" style=\"width:100%; height:100%;\" class=\"w-e-text\"><p>
                                                </p><p>这里是露天盆栽场的备注</p></div>' WHERE ( id = 1 ) [ RunTime:0.0012s ]
INFO: [ app_end ] --START--
INFO: Run Behavior\ShowPageTraceBehavior [ RunTime:0.003483s ]
INFO: [ app_end ] --END-- [ RunTime:0.004071s ]

[ 2017-10-02T16:58:22+08:00 ] ::1 /hzaulab/index.php/Admin/Field/changeTheIntro
INFO: [ app_begin ] --START--
INFO: Run Behavior\ReadHtmlCacheBehavior [ RunTime:0.002132s ]
INFO: [ app_begin ] --END-- [ RunTime:0.003428s ]
SQL: SHOW COLUMNS FROM `tp_something` [ RunTime:0.0019s ]
SQL: SHOW COLUMNS FROM `tp_something` [ RunTime:0.0014s ]
SQL: UPDATE `tp_something` SET `theContent`='<div contenteditable=\"true\" style=\"width:100%; height:100%;\" class=\"w-e-text\"><p>
                         </p><div contenteditable=\"true\" style=\"width:100%; height:100%;\" class=\"w-e-text\"><p>
                                                </p><ol><li>这里是露天盆栽场的备注<br></li><li>这里是露天盆栽场的备注2</li></ol></div><p></p><p><br></p></div>' WHERE ( id = 1 ) [ RunTime:0.0009s ]
INFO: [ app_end ] --START--
INFO: Run Behavior\ShowPageTraceBehavior [ RunTime:0.002321s ]
INFO: [ app_end ] --END-- [ RunTime:0.002672s ]

[ 2017-10-02T17:01:39+08:00 ] ::1 /hzaulab/index.php/Admin/Field/changeTheIntro
INFO: [ app_begin ] --START--
INFO: Run Behavior\ReadHtmlCacheBehavior [ RunTime:0.002998s ]
INFO: [ app_begin ] --END-- [ RunTime:0.004381s ]
SQL: SHOW COLUMNS FROM `tp_something` [ RunTime:0.0016s ]
SQL: SHOW COLUMNS FROM `tp_something` [ RunTime:0.0014s ]
SQL: UPDATE `tp_something` SET `theContent`='<div contenteditable=\"true\" style=\"width:100%; height:100%;\" class=\"w-e-text\"><p>
                         </p><div><p>
                         </p><div><p>
                                                </p><ol><li>这里是露天盆栽场的备注<br></li><li>这里是露天盆栽场的备注2</li><li>稳</li></ol></div></div></div>' WHERE ( id = 1 ) [ RunTime:0.0011s ]
INFO: [ app_end ] --START--
INFO: Run Behavior\ShowPageTraceBehavior [ RunTime:0.002045s ]
INFO: [ app_end ] --END-- [ RunTime:0.002515s ]

[ 2017-10-02T19:53:41+08:00 ] ::1 /hzaulab/index.php/Admin/Field/changeTheStatus
INFO: [ app_begin ] --START--
INFO: Run Behavior\ReadHtmlCacheBehavior [ RunTime:0.002496s ]
INFO: [ app_begin ] --END-- [ RunTime:0.003967s ]
INFO: [ app_end ] --START--
INFO: Run Behavior\ShowPageTraceBehavior [ RunTime:0.002405s ]
INFO: [ app_end ] --END-- [ RunTime:0.002804s ]

[ 2017-10-02T21:01:19+08:00 ] ::1 /hzaulab/index.php/Admin/Field/changeTheStatus
INFO: [ app_begin ] --START--
INFO: Run Behavior\ReadHtmlCacheBehavior [ RunTime:0.003520s ]
INFO: [ app_begin ] --END-- [ RunTime:0.005718s ]
SQL: SHOW COLUMNS FROM `tp_pz` [ RunTime:0.0025s ]
SQL: SHOW COLUMNS FROM `tp_pz` [ RunTime:0.0021s ]
ERR: 1064:You have an error in your SQL syntax; check the manual that corresponds to your MySQL server version for the right syntax to use near '\'PZ-15\' )' at line 1
 [ SQL语句 ] : UPDATE `tp_pz` SET `status`='1' WHERE ( id = \'PZ-15\' )
ERR: 1064:You have an error in your SQL syntax; check the manual that corresponds to your MySQL server version for the right syntax to use near '\'PZ-15\' )' at line 1
 [ SQL语句 ] : UPDATE `tp_pz` SET `status`='1' WHERE ( id = \'PZ-15\' )

[ 2017-10-02T21:01:30+08:00 ] ::1 /hzaulab/index.php/Admin/Field/changeTheStatus
INFO: [ app_begin ] --START--
INFO: Run Behavior\ReadHtmlCacheBehavior [ RunTime:0.002153s ]
INFO: [ app_begin ] --END-- [ RunTime:0.004229s ]
SQL: SHOW COLUMNS FROM `tp_pz` [ RunTime:0.0029s ]
SQL: SHOW COLUMNS FROM `tp_pz` [ RunTime:0.0027s ]
ERR: 1064:You have an error in your SQL syntax; check the manual that corresponds to your MySQL server version for the right syntax to use near '\'PZ-15\' )' at line 1
 [ SQL语句 ] : UPDATE `tp_pz` SET `status`='1' WHERE ( id = \'PZ-15\' )
ERR: 1064:You have an error in your SQL syntax; check the manual that corresponds to your MySQL server version for the right syntax to use near '\'PZ-15\' )' at line 1
 [ SQL语句 ] : UPDATE `tp_pz` SET `status`='1' WHERE ( id = \'PZ-15\' )

[ 2017-10-02T21:02:09+08:00 ] ::1 /hzaulab/index.php/Admin/Field/changeTheStatus
INFO: [ app_begin ] --START--
INFO: Run Behavior\ReadHtmlCacheBehavior [ RunTime:0.004862s ]
INFO: [ app_begin ] --END-- [ RunTime:0.007350s ]
SQL: SHOW COLUMNS FROM `tp_pz` [ RunTime:0.0033s ]
SQL: SHOW COLUMNS FROM `tp_pz` [ RunTime:0.0022s ]
ERR: 1054:Unknown column 'PZ' in 'where clause'
 [ SQL语句 ] : UPDATE `tp_pz` SET `status`='1' WHERE ( id = PZ-29 )
ERR: 1054:Unknown column 'PZ' in 'where clause'
 [ SQL语句 ] : UPDATE `tp_pz` SET `status`='1' WHERE ( id = PZ-29 )

[ 2017-10-02T21:02:36+08:00 ] ::1 /hzaulab/index.php/Admin/Field/changeTheStatus
INFO: [ app_begin ] --START--
INFO: Run Behavior\ReadHtmlCacheBehavior [ RunTime:0.005421s ]
INFO: [ app_begin ] --END-- [ RunTime:0.008436s ]
NOTIC: [8] Undefined index: thecontent D:\wamp64\www\hzaulab\Application\Admin\Controller\FieldController.class.php 第 137 行.
SQL: SHOW COLUMNS FROM `tp_pz` [ RunTime:0.0022s ]
INFO: [ app_end ] --START--
INFO: Run Behavior\ShowPageTraceBehavior [ RunTime:0.006011s ]
INFO: [ app_end ] --END-- [ RunTime:0.006735s ]

[ 2017-10-02T21:02:41+08:00 ] ::1 /hzaulab/index.php/Admin/Field/changeTheStatus
INFO: [ app_begin ] --START--
INFO: Run Behavior\ReadHtmlCacheBehavior [ RunTime:0.003011s ]
INFO: [ app_begin ] --END-- [ RunTime:0.004750s ]
SQL: SHOW COLUMNS FROM `tp_pz` [ RunTime:0.0022s ]
SQL: SHOW COLUMNS FROM `tp_pz` [ RunTime:0.0021s ]
ERR: 1054:Unknown column '$value' in 'where clause'
 [ SQL语句 ] : UPDATE `tp_pz` SET `status`='1' WHERE ( id = $value )
ERR: 1054:Unknown column '$value' in 'where clause'
 [ SQL语句 ] : UPDATE `tp_pz` SET `status`='1' WHERE ( id = $value )

[ 2017-10-02T21:03:22+08:00 ] ::1 /hzaulab/index.php/Admin/Field/changeTheStatus
INFO: [ app_begin ] --START--
INFO: Run Behavior\ReadHtmlCacheBehavior [ RunTime:0.006570s ]
INFO: [ app_begin ] --END-- [ RunTime:0.009503s ]
SQL: SHOW COLUMNS FROM `tp_pz` [ RunTime:0.0022s ]
SQL: SHOW COLUMNS FROM `tp_pz` [ RunTime:0.0031s ]
ERR: 1054:Unknown column 'PZ' in 'where clause'
 [ SQL语句 ] : UPDATE `tp_pz` SET `status`='1' WHERE ( id = PZ-29 )
ERR: 1054:Unknown column 'PZ' in 'where clause'
 [ SQL语句 ] : UPDATE `tp_pz` SET `status`='1' WHERE ( id = PZ-29 )

[ 2017-10-02T21:03:52+08:00 ] ::1 /hzaulab/index.php/Admin/Field/changeTheStatus
INFO: [ app_begin ] --START--
INFO: Run Behavior\ReadHtmlCacheBehavior [ RunTime:0.003143s ]
INFO: [ app_begin ] --END-- [ RunTime:0.005670s ]
SQL: SHOW COLUMNS FROM `tp_pz` [ RunTime:0.0030s ]
SQL: SHOW COLUMNS FROM `tp_pz` [ RunTime:0.0026s ]
SQL: UPDATE `tp_pz` SET `status`='1' WHERE ( id = "PZ-32" ) [ RunTime:0.0017s ]
SQL: UPDATE `tp_pz` SET `status`='1' WHERE ( id = "PZ-34" ) [ RunTime:0.0011s ]
NOTIC: [2] json_decode() expects parameter 1 to be string, array given D:\wamp64\www\hzaulab\Application\Admin\Controller\FieldController.class.php 第 143 行.
INFO: [ app_end ] --START--
INFO: Run Behavior\ShowPageTraceBehavior [ RunTime:0.007067s ]
INFO: [ app_end ] --END-- [ RunTime:0.007787s ]

[ 2017-10-02T21:03:57+08:00 ] ::1 /hzaulab/index.php/Admin/Field/changeTheStatus
INFO: [ app_begin ] --START--
INFO: Run Behavior\ReadHtmlCacheBehavior [ RunTime:0.001890s ]
INFO: [ app_begin ] --END-- [ RunTime:0.003238s ]
SQL: SHOW COLUMNS FROM `tp_pz` [ RunTime:0.0019s ]
SQL: SHOW COLUMNS FROM `tp_pz` [ RunTime:0.0015s ]
SQL: UPDATE `tp_pz` SET `status`='1' WHERE ( id = "PZ-32" ) [ RunTime:0.0008s ]
SQL: UPDATE `tp_pz` SET `status`='1' WHERE ( id = "PZ-34" ) [ RunTime:0.0008s ]
NOTIC: [2] json_decode() expects parameter 1 to be string, array given D:\wamp64\www\hzaulab\Application\Admin\Controller\FieldController.class.php 第 143 行.
INFO: [ app_end ] --START--
INFO: Run Behavior\ShowPageTraceBehavior [ RunTime:0.002054s ]
INFO: [ app_end ] --END-- [ RunTime:0.002405s ]

[ 2017-10-02T21:04:41+08:00 ] ::1 /hzaulab/index.php/Admin/Field/changeTheStatus
INFO: [ app_begin ] --START--
INFO: Run Behavior\ReadHtmlCacheBehavior [ RunTime:0.001988s ]
INFO: [ app_begin ] --END-- [ RunTime:0.003306s ]
SQL: SHOW COLUMNS FROM `tp_pz` [ RunTime:0.0018s ]
SQL: SHOW COLUMNS FROM `tp_pz` [ RunTime:0.0015s ]
SQL: UPDATE `tp_pz` SET `status`='1' WHERE ( id = "PZ-5" ) [ RunTime:0.0009s ]
SQL: UPDATE `tp_pz` SET `status`='1' WHERE ( id = "PZ-6" ) [ RunTime:0.0007s ]
INFO: [ app_end ] --START--
INFO: Run Behavior\ShowPageTraceBehavior [ RunTime:0.002174s ]
INFO: [ app_end ] --END-- [ RunTime:0.002543s ]

[ 2017-10-02T21:21:55+08:00 ] ::1 /hzaulab/index.php/Admin/Field/changeTheStatus
INFO: [ app_begin ] --START--
INFO: Run Behavior\ReadHtmlCacheBehavior [ RunTime:0.001920s ]
INFO: [ app_begin ] --END-- [ RunTime:0.003733s ]
SQL: SHOW COLUMNS FROM `tp_pz` [ RunTime:0.0046s ]
SQL: SHOW COLUMNS FROM `tp_pz` [ RunTime:0.0018s ]
SQL: UPDATE `tp_pz` SET `status`='0' WHERE ( id = "PZ-5" ) [ RunTime:0.0017s ]
SQL: UPDATE `tp_pz` SET `status`='0' WHERE ( id = "PZ-6" ) [ RunTime:0.0008s ]
INFO: [ app_end ] --START--
INFO: Run Behavior\ShowPageTraceBehavior [ RunTime:0.002009s ]
INFO: [ app_end ] --END-- [ RunTime:0.002414s ]

[ 2017-10-02T21:22:09+08:00 ] ::1 /hzaulab/index.php/Admin/Field/changeTheStatus
INFO: [ app_begin ] --START--
INFO: Run Behavior\ReadHtmlCacheBehavior [ RunTime:0.001850s ]
INFO: [ app_begin ] --END-- [ RunTime:0.003272s ]
SQL: SHOW COLUMNS FROM `tp_pz` [ RunTime:0.0018s ]
SQL: SHOW COLUMNS FROM `tp_pz` [ RunTime:0.0015s ]
SQL: UPDATE `tp_pz` SET `status`='1' WHERE ( id = "PZ-4" ) [ RunTime:0.0009s ]
SQL: UPDATE `tp_pz` SET `status`='1' WHERE ( id = "PZ-5" ) [ RunTime:0.0008s ]
INFO: [ app_end ] --START--
INFO: Run Behavior\ShowPageTraceBehavior [ RunTime:0.002172s ]
INFO: [ app_end ] --END-- [ RunTime:0.002545s ]

[ 2017-10-02T21:23:12+08:00 ] ::1 /hzaulab/index.php/Admin/Field/changeTheStatus
INFO: [ app_begin ] --START--
INFO: Run Behavior\ReadHtmlCacheBehavior [ RunTime:0.001820s ]
INFO: [ app_begin ] --END-- [ RunTime:0.003469s ]
SQL: SHOW COLUMNS FROM `tp_pz` [ RunTime:0.0016s ]
SQL: SHOW COLUMNS FROM `tp_pz` [ RunTime:0.0013s ]
SQL: UPDATE `tp_pz` SET `status`='1' WHERE ( id = "PZ-4" ) [ RunTime:0.0007s ]
INFO: [ app_end ] --START--
INFO: Run Behavior\ShowPageTraceBehavior [ RunTime:0.001809s ]
INFO: [ app_end ] --END-- [ RunTime:0.002150s ]

[ 2017-10-02T21:23:20+08:00 ] ::1 /hzaulab/index.php/Admin/Field/changeTheStatus
INFO: [ app_begin ] --START--
INFO: Run Behavior\ReadHtmlCacheBehavior [ RunTime:0.003517s ]
INFO: [ app_begin ] --END-- [ RunTime:0.006184s ]
SQL: SHOW COLUMNS FROM `tp_pz` [ RunTime:0.0018s ]
SQL: SHOW COLUMNS FROM `tp_pz` [ RunTime:0.0017s ]
SQL: UPDATE `tp_pz` SET `status`='0' WHERE ( id = "PZ-4" ) [ RunTime:0.0008s ]
INFO: [ app_end ] --START--
INFO: Run Behavior\ShowPageTraceBehavior [ RunTime:0.002166s ]
INFO: [ app_end ] --END-- [ RunTime:0.002721s ]

[ 2017-10-02T21:24:02+08:00 ] ::1 /hzaulab/index.php/Admin/Field/changeTheIntro
INFO: [ app_begin ] --START--
INFO: Run Behavior\ReadHtmlCacheBehavior [ RunTime:0.001845s ]
INFO: [ app_begin ] --END-- [ RunTime:0.003171s ]
SQL: SHOW COLUMNS FROM `tp_something` [ RunTime:0.0019s ]
SQL: SHOW COLUMNS FROM `tp_something` [ RunTime:0.0016s ]
SQL: UPDATE `tp_something` SET `theContent`='<div contenteditable=\"true\" style=\"width:100%; height:100%;\" class=\"w-e-text\"><p>
                         </p><div><p>
                         </p><div><p>
                         </p><div><p>
                                                </p><ol><li>这里是露天盆栽场的备注<br></li><li>这里是露天盆栽场的备注2</li><li>秘书长小哥哥</li></ol></div></div></div><p></p><p><br></p></div>' WHERE ( id = 1 ) [ RunTime:0.0013s ]
INFO: [ app_end ] --START--
INFO: Run Behavior\ShowPageTraceBehavior [ RunTime:0.002065s ]
INFO: [ app_end ] --END-- [ RunTime:0.002525s ]

[ 2017-10-02T21:25:44+08:00 ] ::1 /hzaulab/index.php/Admin/Field/doTheExport
ERR: 非法操作:doTheExport

[ 2017-10-02T21:27:02+08:00 ] ::1 /hzaulab/index.php/Admin/Field/doTheExport
ERR: 非法操作:doTheExport

[ 2017-10-02T21:34:33+08:00 ] ::1 /hzaulab/index.php/Admin/Field/doTheExport
ERR: 非法操作:doTheExport

[ 2017-10-02T21:34:51+08:00 ] ::1 /hzaulab/index.php/Admin/Field/doTheExport
ERR: 非法操作:doTheExport

