[ 2017-10-01T19:44:34+08:00 ] ::1 /hzaulab/index.php/Admin/About/about_show2
ERR: 无法加载控制器:About

[ 2017-10-01T19:45:21+08:00 ] ::1 /hzaulab/index.php/Admin/Introduction/aboutDoUpdate
INFO: [ app_begin ] --START--
INFO: Run Behavior\ReadHtmlCacheBehavior [ RunTime:0.001896s ]
INFO: [ app_begin ] --END-- [ RunTime:0.003186s ]
SQL: SHOW COLUMNS FROM `tp_js` [ RunTime:0.0021s ]
SQL: SHOW COLUMNS FROM `tp_js` [ RunTime:0.0014s ]
SQL: UPDATE `tp_js` SET `content`='<p>这里写联系我们的方式</p><p><br/></p>' WHERE ( id = 2 ) [ RunTime:0.0468s ]
NOTIC: [8] Undefined variable: which D:\wamp64\www\hzaulab\Application\Admin\Controller\IntroductionController.class.php 第 31 行.
INFO: [ app_end ] --START--
INFO: Run Behavior\ShowPageTraceBehavior [ RunTime:0.001981s ]
INFO: [ app_end ] --END-- [ RunTime:0.002313s ]

[ 2017-10-01T20:34:03+08:00 ] ::1 /hzaulab/index.php/Admin/Field/OpenPot
ERR: Think\Model:getAllPz方法不存在！

[ 2017-10-01T20:34:04+08:00 ] ::1 /hzaulab/index.php/Admin/Field/OpenPot
ERR: Think\Model:getAllPz方法不存在！

[ 2017-10-01T20:56:56+08:00 ] ::1 /hzaulab/index.php/Admin/Field/changeTheIntro
INFO: [ app_begin ] --START--
INFO: Run Behavior\ReadHtmlCacheBehavior [ RunTime:0.002018s ]
INFO: [ app_begin ] --END-- [ RunTime:0.003455s ]
SQL: SHOW COLUMNS FROM `tp_something` [ RunTime:0.1851s ]
SQL: SHOW COLUMNS FROM `tp_something` [ RunTime:0.0014s ]
ERR: 1054:Unknown column 'content' in 'field list'
 [ SQL语句 ] : UPDATE `tp_something` SET `content`='<div contenteditable=\"true\" style=\"width:100%; height:100%;\" class=\"w-e-text\"><p>12354164</p></div>' WHERE ( id = 1 )
ERR: 1054:Unknown column 'content' in 'field list'
 [ SQL语句 ] : UPDATE `tp_something` SET `content`='<div contenteditable=\"true\" style=\"width:100%; height:100%;\" class=\"w-e-text\"><p>12354164</p></div>' WHERE ( id = 1 )

[ 2017-10-01T20:57:20+08:00 ] ::1 /hzaulab/index.php/Admin/Field/changeTheIntro
INFO: [ app_begin ] --START--
INFO: Run Behavior\ReadHtmlCacheBehavior [ RunTime:0.002041s ]
INFO: [ app_begin ] --END-- [ RunTime:0.003570s ]
SQL: SHOW COLUMNS FROM `tp_something` [ RunTime:0.0025s ]
SQL: SHOW COLUMNS FROM `tp_something` [ RunTime:0.0015s ]
ERR: 1054:Unknown column 'content' in 'field list'
 [ SQL语句 ] : UPDATE `tp_something` SET `content`='<div contenteditable=\"true\" style=\"width:100%; height:100%;\" class=\"w-e-text\"><p>今天是十月一号国庆节</p></div>' WHERE ( id = 1 )
ERR: 1054:Unknown column 'content' in 'field list'
 [ SQL语句 ] : UPDATE `tp_something` SET `content`='<div contenteditable=\"true\" style=\"width:100%; height:100%;\" class=\"w-e-text\"><p>今天是十月一号国庆节</p></div>' WHERE ( id = 1 )

