[ 2017-09-23T15:42:47+08:00 ] ::1 /hzaulab/index.php/Amdin/Index/index
ERR: 无法加载模块:Amdin

[ 2017-09-23T15:42:54+08:00 ] ::1 /hzaulab/back.ico
ERR: 无法加载模块:Back

[ 2017-09-23T16:10:33+08:00 ] ::1 /hzaulab/Public/Js/wangEditor.js
ERR: 无法加载模块:Public

[ 2017-09-23T16:10:33+08:00 ] ::1 /hzaulab/Public/Js/wangEditor.js
ERR: 无法加载模块:Public

[ 2017-09-23T16:11:46+08:00 ] ::1 /hzaulab/Public/Js/wangEditor.js
ERR: 无法加载模块:Public

[ 2017-09-23T16:12:29+08:00 ] ::1 /hzaulab/Public/Js/wangEditor.js
ERR: 无法加载模块:Public

[ 2017-09-23T16:12:29+08:00 ] ::1 /hzaulab/Public/Js/wangEditor.js
ERR: 无法加载模块:Public

[ 2017-09-23T16:14:00+08:00 ] ::1 /hzaulab/Public/Js/wangEditor.js
ERR: 无法加载模块:Public

[ 2017-09-23T16:14:01+08:00 ] ::1 /hzaulab/Public/Js/wangEditor.js
ERR: 无法加载模块:Public

[ 2017-09-23T16:16:24+08:00 ] ::1 /hzaulab/Public/Js/wangEditor.js
ERR: 无法加载模块:Public

[ 2017-09-23T16:16:24+08:00 ] ::1 /hzaulab/Public/Js/wangEditor.js
ERR: 无法加载模块:Public

[ 2017-09-23T16:17:08+08:00 ] ::1 /hzaulab/Public/Js/wangEditor.js
ERR: 无法加载模块:Public

[ 2017-09-23T16:19:35+08:00 ] ::1 /hzaulab/Public/Js/wangEditor.js
ERR: 无法加载模块:Public

[ 2017-09-23T16:19:35+08:00 ] ::1 /hzaulab/Public/Js/wangEditor.js
ERR: 无法加载模块:Public

[ 2017-09-23T16:20:09+08:00 ] ::1 /hzaulab/Public/Js/wangEditor.js
ERR: 无法加载模块:Public

[ 2017-09-23T16:20:10+08:00 ] ::1 /hzaulab/Public/Js/wangEditor.js
ERR: 无法加载模块:Public

[ 2017-09-23T16:21:54+08:00 ] ::1 /hzaulab/Public/Js/wangEditor.js
ERR: 无法加载模块:Public

[ 2017-09-23T16:21:54+08:00 ] ::1 /hzaulab/Public/Js/wangEditor.js
ERR: 无法加载模块:Public

[ 2017-09-23T16:22:15+08:00 ] ::1 /hzaulab/Public/Js/wangEditor.js
ERR: 无法加载模块:Public

[ 2017-09-23T16:22:15+08:00 ] ::1 /hzaulab/Public/Js/wangEditor.js
ERR: 无法加载模块:Public

[ 2017-09-23T16:22:21+08:00 ] ::1 /hzaulab/Public/Js/wangEditor.js
ERR: 无法加载模块:Public

[ 2017-09-23T17:14:19+08:00 ] ::1 /hzaulab/Public/Js/wangEditor.js
ERR: 无法加载模块:Public

[ 2017-09-23T17:14:57+08:00 ] ::1 /hzaulab/Public/Js/wangEditor.js
ERR: 无法加载模块:Public

[ 2017-09-23T17:15:22+08:00 ] ::1 /hzaulab/Public/Js/wangEditor.js
ERR: 无法加载模块:Public

[ 2017-09-23T17:15:22+08:00 ] ::1 /hzaulab/Public/Js/wangEditor.js
ERR: 无法加载模块:Public

[ 2017-09-23T17:15:38+08:00 ] ::1 /hzaulab/Public/Js/wangEditor.min.js.map
ERR: 无法加载模块:Public

[ 2017-09-23T17:18:43+08:00 ] ::1 /hzaulab/Public/Js/wangEditor.js
ERR: 无法加载模块:Public

[ 2017-09-23T17:18:43+08:00 ] ::1 /hzaulab/Public/Js/wangEditor.js
ERR: 无法加载模块:Public

[ 2017-09-23T17:18:43+08:00 ] ::1 /hzaulab/Public/Js/wangEditor.min.js.map
ERR: 无法加载模块:Public

[ 2017-09-23T17:19:42+08:00 ] ::1 /hzaulab/Public/Js/wangEditor.js
ERR: 无法加载模块:Public

[ 2017-09-23T17:19:47+08:00 ] ::1 /hzaulab/Public/Js/wangEditor.js
ERR: 无法加载模块:Public

