[ 2017-09-05T00:19:05+08:00 ] ::1 /hzaulab/2017-09-05/59ad7ab1b57f5.docx
ERR: 无法加载模块:2017-09-05

[ 2017-09-05T00:30:21+08:00 ] ::1 /hzaulab//Uploads/Regulation.pdf
ERR: 无法加载模块:Uploads

[ 2017-09-05T00:32:24+08:00 ] ::1 /hzaulab//Uploads/Regulation.pdf
ERR: 无法加载模块:Uploads

[ 2017-09-05T00:32:28+08:00 ] ::1 /hzaulab//Uploads/Regulation.pdf
ERR: 无法加载模块:Uploads

[ 2017-09-05T00:32:34+08:00 ] ::1 /hzaulab//Uploads/Regulation.pdf
ERR: 无法加载模块:Uploads

[ 2017-09-05T00:33:19+08:00 ] ::1 /hzaulab//Uploads/Regulation.pdf
ERR: 无法加载模块:Uploads

[ 2017-09-05T00:37:35+08:00 ] ::1 /hzaulab//Uploads/Regulation.pdf
ERR: 无法加载模块:Uploads

[ 2017-09-05T00:37:49+08:00 ] ::1 /hzaulab//Uploads/Regulation.pdf
ERR: 无法加载模块:Uploads

[ 2017-09-05T00:53:51+08:00 ] ::1 /hzaulab/Uploads./2017-09-05/59ad7ab1b57f5.docx
ERR: 无法加载模块:Uploads

[ 2017-09-05T00:53:59+08:00 ] ::1 /hzaulab/Uploads./2017-09-05/59ad7ab1b57f5.docx
ERR: 无法加载模块:Uploads

[ 2017-09-05T00:54:00+08:00 ] ::1 /hzaulab/Uploads./2017-09-05/59ad7ab1b57f5.docx
ERR: 无法加载模块:Uploads

[ 2017-09-05T00:54:00+08:00 ] ::1 /hzaulab/Uploads./2017-09-05/59ad7ab1b57f5.docx
ERR: 无法加载模块:Uploads

[ 2017-09-05T00:54:08+08:00 ] ::1 /hzaulab/Uploads/2017-09-05/59ad7ab1b57f5.docx
ERR: 无法加载模块:Uploads

[ 2017-09-05T00:54:56+08:00 ] ::1 /hzaulab/2017-09-05/59ad7ab1b57f5.docx
ERR: 无法加载模块:2017-09-05

[ 2017-09-05T01:44:03+08:00 ] ::1 /hzaulab/Uploads./Equipment/2016-12-18/1482074720.jpg
ERR: 无法加载模块:Uploads

[ 2017-09-05T01:44:03+08:00 ] ::1 /hzaulab/Uploads./Equipment/2016-12-18/1482074755.png
ERR: 无法加载模块:Uploads

[ 2017-09-05T01:44:03+08:00 ] ::1 /hzaulab/Uploads./Equipment/2016-12-18/1482074788.jpg
ERR: 无法加载模块:Uploads

[ 2017-09-05T01:44:03+08:00 ] ::1 /hzaulab/Uploads./Equipment/2016-12-18/1482075033.jpg
ERR: 无法加载模块:Uploads

[ 2017-09-05T01:44:03+08:00 ] ::1 /hzaulab/Uploads./Equipment/2016-12-18/1482075717.jpg
ERR: 无法加载模块:Uploads

[ 2017-09-05T01:44:03+08:00 ] ::1 /hzaulab/Uploads./Equipment/2016-12-18/1482075747.jpg
ERR: 无法加载模块:Uploads

[ 2017-09-05T01:44:03+08:00 ] ::1 /hzaulab/Uploads./Equipment/2016-12-18/1482075777.jpg
ERR: 无法加载模块:Uploads

[ 2017-09-05T01:44:03+08:00 ] ::1 /hzaulab/Uploads./Equipment/2016-12-18/1482075807.png
ERR: 无法加载模块:Uploads

[ 2017-09-05T01:44:03+08:00 ] ::1 /hzaulab/Uploads./Equipment/2016-12-18/1482075915.jpg
ERR: 无法加载模块:Uploads

[ 2017-09-05T01:44:39+08:00 ] ::1 /hzaulab/Uploads./Equipment/2016-12-18/1482074720.jpg
ERR: 无法加载模块:Uploads

[ 2017-09-05T01:44:39+08:00 ] ::1 /hzaulab/Uploads./Equipment/2016-12-18/1482074755.png
ERR: 无法加载模块:Uploads

[ 2017-09-05T01:44:39+08:00 ] ::1 /hzaulab/Uploads./Equipment/2016-12-18/1482074788.jpg
ERR: 无法加载模块:Uploads

[ 2017-09-05T01:44:39+08:00 ] ::1 /hzaulab/Uploads./Equipment/2016-12-18/1482075033.jpg
ERR: 无法加载模块:Uploads

[ 2017-09-05T01:44:39+08:00 ] ::1 /hzaulab/Uploads./Equipment/2016-12-18/1482075717.jpg
ERR: 无法加载模块:Uploads

[ 2017-09-05T01:44:39+08:00 ] ::1 /hzaulab/Uploads./Equipment/2016-12-18/1482075747.jpg
ERR: 无法加载模块:Uploads

[ 2017-09-05T01:44:39+08:00 ] ::1 /hzaulab/Uploads./Equipment/2016-12-18/1482075777.jpg
ERR: 无法加载模块:Uploads

[ 2017-09-05T01:44:39+08:00 ] ::1 /hzaulab/Uploads./Equipment/2016-12-18/1482075807.png
ERR: 无法加载模块:Uploads

[ 2017-09-05T01:44:39+08:00 ] ::1 /hzaulab/Uploads./Equipment/2016-12-18/1482075915.jpg
ERR: 无法加载模块:Uploads

