[ 2017-10-01T19:44:29+08:00 ] ::1 /hzaulab/index.php/Adnub/About/about_show2
ERR: 无法加载模块:Adnub

[ 2017-10-01T19:44:39+08:00 ] ::1 /hzaulab/back.ico
ERR: 无法加载模块:Back

[ 2017-10-01T20:26:25+08:00 ] ::1 /hzaulab/Public/Js/wangEditor.min.js.map
ERR: 无法加载模块:Public

[ 2017-10-01T20:31:08+08:00 ] ::1 /hzaulab/Public/Js/wangEditor.min.js.map
ERR: 无法加载模块:Public

[ 2017-10-01T20:34:19+08:00 ] ::1 /hzaulab/Public/Js/wangEditor.min.js.map
ERR: 无法加载模块:Public

[ 2017-10-01T20:35:27+08:00 ] ::1 /hzaulab/Public/Js/wangEditor.min.js.map
ERR: 无法加载模块:Public

[ 2017-10-01T20:38:11+08:00 ] ::1 /hzaulab/Public/Js/wangEditor.min.js.map
ERR: 无法加载模块:Public

[ 2017-10-01T20:42:46+08:00 ] ::1 /hzaulab/Public/Js/wangEditor.min.js.map
ERR: 无法加载模块:Public

[ 2017-10-01T20:42:55+08:00 ] ::1 /hzaulab/Public/Js/wangEditor.min.js.map
ERR: 无法加载模块:Public

[ 2017-10-01T20:42:59+08:00 ] ::1 /hzaulab/Public/Js/wangEditor.min.js.map
ERR: 无法加载模块:Public

[ 2017-10-01T20:46:11+08:00 ] ::1 /hzaulab/Public/Js/wangEditor.min.js.map
ERR: 无法加载模块:Public

[ 2017-10-01T20:46:25+08:00 ] ::1 /hzaulab/Public/Js/wangEditor.min.js.map
ERR: 无法加载模块:Public

[ 2017-10-01T20:46:33+08:00 ] ::1 /hzaulab/Public/Js/wangEditor.min.js.map
ERR: 无法加载模块:Public

[ 2017-10-01T20:47:28+08:00 ] ::1 /hzaulab/Public/Js/wangEditor.min.js.map
ERR: 无法加载模块:Public

[ 2017-10-01T20:47:33+08:00 ] ::1 /hzaulab/Public/Js/wangEditor.min.js.map
ERR: 无法加载模块:Public

[ 2017-10-01T20:47:39+08:00 ] ::1 /hzaulab/Public/Js/wangEditor.min.js.map
ERR: 无法加载模块:Public

