[ 2018-01-28T15:09:32+08:00 ] ::1 /hzau/hzaulab/Public/face/css/field_show2_two.css
ERR: 无法加载模块:Public

[ 2018-01-28T15:15:40+08:00 ] ::1 /hzau/hzaulab/back.ico
ERR: 无法加载模块:Back

[ 2018-01-28T15:26:55+08:00 ] ::1 /hzau/hzaulab/Public/Js/wangEditor.min.js.map
ERR: 无法加载模块:Public

[ 2018-01-28T15:27:41+08:00 ] ::1 /hzau/hzaulab/Public/Js/wangEditor.min.js.map
ERR: 无法加载模块:Public

[ 2018-01-28T15:28:00+08:00 ] ::1 /hzau/hzaulab/Public/Js/wangEditor.min.js.map
ERR: 无法加载模块:Public

[ 2018-01-28T15:28:04+08:00 ] ::1 /hzau/hzaulab/Public/Js/wangEditor.min.js.map
ERR: 无法加载模块:Public

[ 2018-01-28T15:35:51+08:00 ] ::1 /hzau/hzaulab/Public/Js/wangEditor.min.js.map
ERR: 无法加载模块:Public

[ 2018-01-28T15:36:31+08:00 ] ::1 /hzau/hzaulab/Public/Js/wangEditor.min.js.map
ERR: 无法加载模块:Public

[ 2018-01-28T15:38:30+08:00 ] ::1 /hzau/hzaulab/Public/Js/wangEditor.min.js.map
ERR: 无法加载模块:Public

[ 2018-01-28T15:55:20+08:00 ] ::1 /hzau/hzaulab/Public/Js/wangEditor.min.js.map
ERR: 无法加载模块:Public

[ 2018-01-28T15:55:45+08:00 ] ::1 /hzau/hzaulab/Public/Js/wangEditor.min.js.map
ERR: 无法加载模块:Public

[ 2018-01-28T15:55:55+08:00 ] ::1 /hzau/hzaulab/Public/Js/wangEditor.min.js.map
ERR: 无法加载模块:Public

[ 2018-01-28T17:16:54+08:00 ] ::1 /hzau/hzaulab/Public/Js/wangEditor.min.js.map
ERR: 无法加载模块:Public

[ 2018-01-28T17:19:03+08:00 ] ::1 /hzau/hzaulab/Public/Js/wangEditor.min.js.map
ERR: 无法加载模块:Public

