[ 2017-10-06T14:41:45+08:00 ] ::1 /hzaulab/index.php/Home/Laboratory/laboratory_show1_article/id/100
ERR: 1064:You have an error in your SQL syntax; check the manual that corresponds to your MySQL server version for the right syntax to use near ') LIMIT 1' at line 1
 [ SQL语句 ] : SELECT * FROM `tp_equipment` WHERE ( id =  ) LIMIT 1  

[ 2017-10-06T15:02:00+08:00 ] ::1 /hzaulab/index.php/Home/Equipment/equipment_show1
ERR: 1064:You have an error in your SQL syntax; check the manual that corresponds to your MySQL server version for the right syntax to use near ') ORDER BY id desc LIMIT 0,9' at line 1
 [ SQL语句 ] : SELECT * FROM `tp_equipment` WHERE ( eqclass =  ) ORDER BY id desc LIMIT 0,9  

[ 2017-10-06T15:03:11+08:00 ] ::1 /hzaulab/index.php/Home/Equipment/equipment_show1
ERR: Think\Model:getBasicAll方法不存在！

[ 2017-10-06T15:03:11+08:00 ] ::1 /hzaulab/index.php/Home/Equipment/equipment_show1
ERR: Think\Model:getBasicAll方法不存在！

[ 2017-10-06T15:15:18+08:00 ] ::1 /hzaulab/index.php/Home/Equipment/equiptment
ERR: 非法操作:equiptment

[ 2017-10-06T15:15:23+08:00 ] ::1 /hzaulab/index.php/Home/Equipment/equiptment_show1
ERR: 非法操作:equiptment_show1

[ 2017-10-06T15:15:25+08:00 ] ::1 /hzaulab/index.php/Home/Equipment/equiptment
ERR: 非法操作:equiptment

[ 2017-10-06T15:15:28+08:00 ] ::1 /hzaulab/index.php/Home/Equipment/equiptment_show1
ERR: 非法操作:equiptment_show1

[ 2017-10-06T15:19:29+08:00 ] ::1 /hzaulab/index.php/Home/Equipment/showitems/id/113
ERR: 非法操作:showitems

[ 2017-10-06T15:45:01+08:00 ] ::1 /hzaulab/index.php/Home/Equipment/equipment_show1_apply/id/113
ERR: 1064:You have an error in your SQL syntax; check the manual that corresponds to your MySQL server version for the right syntax to use near ') LIMIT 1' at line 1
 [ SQL语句 ] : SELECT * FROM `tp_equipment` WHERE ( id =  ) LIMIT 1  

[ 2017-10-06T15:45:12+08:00 ] ::1 /hzaulab/index.php/Home/Equipment/equipment_show1_apply/id/113
ERR: 1064:You have an error in your SQL syntax; check the manual that corresponds to your MySQL server version for the right syntax to use near ') LIMIT 1' at line 1
 [ SQL语句 ] : SELECT * FROM `tp_equipment` WHERE ( id =  ) LIMIT 1  

[ 2017-10-06T15:45:13+08:00 ] ::1 /hzaulab/index.php/Home/Equipment/equipment_show1_apply/id/113
ERR: 1064:You have an error in your SQL syntax; check the manual that corresponds to your MySQL server version for the right syntax to use near ') LIMIT 1' at line 1
 [ SQL语句 ] : SELECT * FROM `tp_equipment` WHERE ( id =  ) LIMIT 1  

[ 2017-10-06T15:55:59+08:00 ] ::1 /hzaulab/index.php/Home/Equipment/doApply
ERR: 非法操作:doApply

[ 2017-10-06T16:26:59+08:00 ] ::1 /hzaulab/index.php/Home/Equipment/doWord
INFO: [ app_begin ] --START--
INFO: Run Behavior\ReadHtmlCacheBehavior [ RunTime:0.001895s ]
INFO: [ app_begin ] --END-- [ RunTime:0.003393s ]
INFO: [ app_end ] --START--
INFO: Run Behavior\ShowPageTraceBehavior [ RunTime:0.001978s ]
INFO: [ app_end ] --END-- [ RunTime:0.002429s ]

[ 2017-10-06T18:12:56+08:00 ] ::1 /hzaulab/index.php/Home/Equipment/equipment_show1_apply
ERR: 1064:You have an error in your SQL syntax; check the manual that corresponds to your MySQL server version for the right syntax to use near ') LIMIT 1' at line 1
 [ SQL语句 ] : SELECT * FROM `tp_equipment` WHERE ( id =  ) LIMIT 1  

[ 2017-10-06T18:44:18+08:00 ] ::1 /hzaulab/index.php/Home/Laboratory/doWord
INFO: [ app_begin ] --START--
INFO: Run Behavior\ReadHtmlCacheBehavior [ RunTime:0.003295s ]
INFO: [ app_begin ] --END-- [ RunTime:0.005466s ]
INFO: [ app_end ] --START--
INFO: Run Behavior\ShowPageTraceBehavior [ RunTime:0.002369s ]
INFO: [ app_end ] --END-- [ RunTime:0.002738s ]

